#
# A fatal error has been detected by the Java Runtime Environment:
#
#  SIGSEGV (0xb) at pc=0x00007f42dc42ad5e, pid=27815, tid=139924938004224
#
# JRE version: Java(TM) SE Runtime Environment (7.0_80-b15) (build 1.7.0_80-b15)
# Java VM: Java HotSpot(TM) 64-Bit Server VM (24.80-b11 mixed mode linux-amd64 compressed oops)
# Problematic frame:
# V  [libjvm.so+0x5b1d5e]  IndexSetIterator::advance_and_next()+0x8e
#
# Failed to write core dump. Core dumps have been disabled. To enable core dumping, try "ulimit -c unlimited" before starting Java again
#
# If you would like to submit a bug report, please visit:
#   http://bugreport.java.com/bugreport/crash.jsp
#

---------------  T H R E A D  ---------------

Current thread (0x00007f42d41b1000):  JavaThread "C2 CompilerThread0" daemon [_thread_in_native, id=27827, stack(0x00007f42d0299000,0x00007f42d039a000)]

siginfo:si_signo=SIGSEGV: si_errno=0, si_code=1 (SEGV_MAPERR), si_addr=0x00007f4adccbc080

Registers:
RAX=0x00007f4adccbc080, RBX=0x00007f42a9ab1450, RCX=0x00007f42dccbc080, RDX=0x000000000000002e
RSP=0x00007f42d0395520, RBP=0x00007f42d0395550, RSI=0x000000000000001c, RDI=0x00007f42d0395570
R8 =0x0000000000000005, R9 =0x0000000000000000, R10=0x0000000000800000, R11=0x0000000000000000
R12=0x0000000000000009, R13=0x00007f42d0395570, R14=0x0000000000000006, R15=0x0000000000000009
RIP=0x00007f42dc42ad5e, EFLAGS=0x0000000000010206, CSGSFS=0x0000000000000033, ERR=0x0000000000000004
  TRAPNO=0x000000000000000e

Top of Stack: (sp=0x00007f42d0395520)
0x00007f42d0395520:   00007f42d0395550 00007f42a9ab1450
0x00007f42d0395530:   00000000000025df 00007f42d0395740
0x00007f42d0395540:   0000000000000006 0000000080000000
0x00007f42d0395550:   00007f42d03955e0 00007f42dc425249
0x00007f42d0395560:   00007f42d0395570 0000000000000128
0x00007f42d0395570:   000004de00000000 00007f4200000007
0x00007f42d0395580:   00007f4adccbc080 0000000000000005
0x00007f42d0395590:   00007f42a8bd3130 000000000000002e
0x00007f42d03955a0:   00007f42a9bfb810 00007f429c556020
0x00007f42d03955b0:   0000000000000000 00007f42d0396e20
0x00007f42d03955c0:   00000000000022a4 00000000000000a0
0x00007f42d03955d0:   00007f42dccbc080 00007f42d0395620
0x00007f42d03955e0:   00007f42d0395840 00007f42dc245339
0x00007f42d03955f0:   00007f42d03956e0 00007f42d03957b0
0x00007f42d0395600:   00007f42d0395740 00007f42d03957e0
0x00007f42d0395610:   00007f42d0396e20 0000000a000007e5
0x00007f42d0395620:   00007f42dcc66cb0 000000000000000c
0x00007f42d0395630:   00007f42d0397c80 00007f42d0396e20
0x00007f42d0395640:   0000000000000000 00007f42a81f54c0
0x00007f42d0395650:   00007f42a8198a80 00007f42dcd7789c
0x00007f42d0395660:   0b007f42a8ccae00 000000000000ddf0
0x00007f42d0395670:   00007f42a85e5830 00007f42a8000020
0x00007f42d0395680:   000000000000ddf0 000000000000ddf0
0x00007f42d0395690:   00007f42a8d82540 00007f42d03956d0
0x00007f42d03956a0:   000000000000ddf0 00007f42a85e5830
0x00007f42d03956b0:   0000000000000000 0000000000000b00
0x00007f42d03956c0:   00007f42d0395720 00007f42dc69391f
0x00007f42d03956d0:   0000000000000023 00007f42dc7d8056
0x00007f42d03956e0:   0000000000000009 00007f42d0397c80
0x00007f42d03956f0:   00007f42a8f56bd0 00007f42a981fcf0
0x00007f42d0395700:   00007f42a99c8e20 00007f42a99cd180
0x00007f42d0395710:   00007f42a83023c0 00007f42d0396f40 

Instructions: (pc=0x00007f42dc42ad5e)
0x00007f42dc42ad3e:   00 49 8b 45 20 45 89 fc 48 8d 0d 33 13 89 00 4a
0x00007f42dc42ad4e:   8b 04 e0 48 39 c8 0f 84 d5 00 00 00 49 89 45 10
0x00007f42dc42ad5e:   44 8b 08 45 85 c9 0f 85 67 01 00 00 44 8b 40 04
0x00007f42dc42ad6e:   45 85 c0 0f 85 b9 01 00 00 8b 78 08 85 ff 0f 85 

Register to memory mapping:

RAX=0x00007f4adccbc080 is an unknown value
RBX=0x00007f42a9ab1450 is an unknown value
RCX=0x00007f42dccbc080: <offset 0xe43080> in /usr/lib/jvm/java-7-oracle/jre/lib/amd64/server/libjvm.so at 0x00007f42dbe79000
RDX=0x000000000000002e is an unknown value
RSP=0x00007f42d0395520 is pointing into the stack for thread: 0x00007f42d41b1000
RBP=0x00007f42d0395550 is pointing into the stack for thread: 0x00007f42d41b1000
RSI=0x000000000000001c is an unknown value
RDI=0x00007f42d0395570 is pointing into the stack for thread: 0x00007f42d41b1000
R8 =0x0000000000000005 is an unknown value
R9 =0x0000000000000000 is an unknown value
R10=0x0000000000800000 is an unknown value
R11=0x0000000000000000 is an unknown value
R12=0x0000000000000009 is an unknown value
R13=0x00007f42d0395570 is pointing into the stack for thread: 0x00007f42d41b1000
R14=0x0000000000000006 is an unknown value
R15=0x0000000000000009 is an unknown value


Stack: [0x00007f42d0299000,0x00007f42d039a000],  sp=0x00007f42d0395520,  free space=1009k
Native frames: (J=compiled Java code, j=interpreted, Vv=VM code, C=native code)
V  [libjvm.so+0x5b1d5e]  IndexSetIterator::advance_and_next()+0x8e
V  [libjvm.so+0x5ac249]  PhaseIFG::SquareUp()+0x119
V  [libjvm.so+0x3cc339]  PhaseChaitin::Register_Allocate()+0xa09
V  [libjvm.so+0x444b9f]  Compile::Code_Gen()+0x36f
V  [libjvm.so+0x447d02]  Compile::Compile(ciEnv*, C2Compiler*, ciMethod*, int, bool, bool)+0x1352
V  [libjvm.so+0x3b2516]  C2Compiler::compile_method(ciEnv*, ciMethod*, int)+0x176
V  [libjvm.so+0x44f6ce]  CompileBroker::invoke_compiler_on_method(CompileTask*)+0x33e
V  [libjvm.so+0x450458]  CompileBroker::compiler_thread_loop()+0x3e8
V  [libjvm.so+0x95bfff]  JavaThread::thread_main_inner()+0xdf
V  [libjvm.so+0x95c105]  JavaThread::run()+0xf5
V  [libjvm.so+0x8238c8]  java_start(Thread*)+0x108


Current CompileTask:
C2: 687950 1964   !         org.gradle.api.internal.AbstractClassGenerator::generateUnderLock (1055 bytes)


---------------  P R O C E S S  ---------------

Java Threads: ( => current thread )
  0x00007f4280005800 JavaThread "Forward streams with process: command '/usr/lib/jvm/java-7-oracle/bin/java' Thread 3" [_thread_in_native, id=28315, stack(0x00007f42c3866000,0x00007f42c3967000)]
  0x00007f4280002800 JavaThread "Forward streams with process: command '/usr/lib/jvm/java-7-oracle/bin/java' Thread 2" [_thread_in_native, id=28314, stack(0x00007f42c3967000,0x00007f42c3a68000)]
  0x00007f4280004000 JavaThread "Forward streams with process: command '/usr/lib/jvm/java-7-oracle/bin/java'" [_thread_blocked, id=28309, stack(0x00007f42c3b69000,0x00007f42c3c6a000)]
  0x00007f4280001800 JavaThread "process reaper" daemon [_thread_in_native, id=28306, stack(0x00007f42c3f5c000,0x00007f42c3f95000)]
  0x00007f429001c000 JavaThread "Run command '/usr/lib/jvm/java-7-oracle/bin/java'" [_thread_blocked, id=28304, stack(0x00007f42c3765000,0x00007f42c3866000)]
  0x00007f429000f800 JavaThread "Stdin handler" [_thread_blocked, id=28303, stack(0x00007f42c8020000,0x00007f42c8121000)]
  0x00007f428c006000 JavaThread "Daemon worker Thread 4" [_thread_blocked, id=28300, stack(0x00007f42c8128000,0x00007f42c8229000)]
  0x00007f428c003800 JavaThread "Cancel handler" [_thread_blocked, id=28299, stack(0x00007f42c8229000,0x00007f42c832a000)]
  0x00007f428c010800 JavaThread "Handler for socket connection from /127.0.0.1:35069 to /127.0.0.1:60341" [_thread_in_native, id=28298, stack(0x00007f42c832a000,0x00007f42c842b000)]
  0x00007f429800c000 JavaThread "Daemon Thread 4" [_thread_blocked, id=28297, stack(0x00007f42c842b000,0x00007f42c852c000)]
  0x00007f4288484800 JavaThread "File lock request listener" [_thread_in_native, id=27841, stack(0x00007f42c3e5b000,0x00007f42c3f5c000)]
  0x00007f42d4c5e800 JavaThread "Incoming local TCP Connector on port 35069" [_thread_in_native, id=27831, stack(0x00007f42c852c000,0x00007f42c862d000)]
  0x00007f42d41b6000 JavaThread "Service Thread" daemon [_thread_blocked, id=27829, stack(0x00007f42d0097000,0x00007f42d0198000)]
  0x00007f42d41b3800 JavaThread "C2 CompilerThread1" daemon [_thread_in_native, id=27828, stack(0x00007f42d0198000,0x00007f42d0299000)]
=>0x00007f42d41b1000 JavaThread "C2 CompilerThread0" daemon [_thread_in_native, id=27827, stack(0x00007f42d0299000,0x00007f42d039a000)]
  0x00007f42d4161800 JavaThread "Signal Dispatcher" daemon [_thread_blocked, id=27826, stack(0x00007f42d0eff000,0x00007f42d1000000)]
  0x00007f42d4138800 JavaThread "Finalizer" daemon [_thread_blocked, id=27825, stack(0x00007f42d88f0000,0x00007f42d89f1000)]
  0x00007f42d4136800 JavaThread "Reference Handler" daemon [_thread_blocked, id=27824, stack(0x00007f42d89f1000,0x00007f42d8af2000)]
  0x00007f42d400b000 JavaThread "main" [_thread_blocked, id=27817, stack(0x00007f42dd7ef000,0x00007f42dd8f0000)]

Other Threads:
  0x00007f42d4132000 VMThread [stack: 0x00007f42d8af2000,0x00007f42d8bf3000] [id=27823]
  0x00007f42d41c1000 WatcherThread [stack: 0x00007f42c96ff000,0x00007f42c9800000] [id=27830]

VM state:not at safepoint (normal execution)

VM Mutex/Monitor currently owned by a thread: None

Heap
 PSYoungGen      total 310784K, used 41096K [0x00000000eaa80000, 0x00000000ffd00000, 0x0000000100000000)
  eden space 278016K, 11% used [0x00000000eaa80000,0x00000000ec8bb7a0,0x00000000fba00000)
  from space 32768K, 30% used [0x00000000fdd00000,0x00000000fe6e6a38,0x00000000ffd00000)
  to   space 34304K, 0% used [0x00000000fba00000,0x00000000fba00000,0x00000000fdb80000)
 ParOldGen       total 61952K, used 41123K [0x00000000c0000000, 0x00000000c3c80000, 0x00000000eaa80000)
  object space 61952K, 66% used [0x00000000c0000000,0x00000000c2828c90,0x00000000c3c80000)
 PSPermGen       total 100864K, used 47250K [0x00000000b0000000, 0x00000000b6280000, 0x00000000c0000000)
  object space 100864K, 46% used [0x00000000b0000000,0x00000000b2e24bf8,0x00000000b6280000)

Card table byte_map: [0x00007f42da651000,0x00007f42da8d2000] byte_map_base: 0x00007f42da0d1000

Polling page: 0x00007f42dd914000

Code Cache  [0x00007f42d1000000, 0x00007f42d1710000, 0x00007f42d4000000)
 total_blobs=2414 nmethods=1781 adapters=586 free_code_cache=42043Kb largest_free_block=42946496

Compilation events (10 events):
Event: 687,742 Thread 0x00007f42d41b3800 nmethod 2050 0x00007f42d16e9d10 code [0x00007f42d16e9e60, 0x00007f42d16e9ff8]
Event: 687,742 Thread 0x00007f42d41b3800 2051             com.sun.tools.javac.file.JavacFileManager::listArchive (131 bytes)
Event: 687,881 Thread 0x00007f42d41b3800 nmethod 2051 0x00007f42d1703e50 code [0x00007f42d17041e0, 0x00007f42d17070d0]
Event: 687,881 Thread 0x00007f42d41b3800 2052             com.sun.tools.javac.code.Symbol$ClassSymbol::<init> (51 bytes)
Event: 687,888 Thread 0x00007f42d41b3800 nmethod 2052 0x00007f42d16eb110 code [0x00007f42d16eb2c0, 0x00007f42d16eb878]
Event: 687,889 Thread 0x00007f42d41b3800 2053             com.sun.tools.javac.code.Symbol$ClassSymbol::<init> (29 bytes)
Event: 687,890 Thread 0x00007f42d41b3800 nmethod 2053 0x00007f42d16ead10 code [0x00007f42d16eae60, 0x00007f42d16eafc8]
Event: 687,890 Thread 0x00007f42d41b3800 2054             com.sun.tools.javac.jvm.ClassReader::defineClass (43 bytes)
Event: 687,897 Thread 0x00007f42d41b3800 nmethod 2054 0x00007f42d16fb850 code [0x00007f42d16fba00, 0x00007f42d16fbe28]
Event: 687,897 Thread 0x00007f42d41b3800 2055             com.sun.tools.javac.jvm.ClassReader::fillIn (150 bytes)

GC Heap History (10 events):
Event: 27,346 GC heap before
{Heap before GC invocations=9 (full 1):
 PSYoungGen      total 308736K, used 29074K [0x00000000eaa80000, 0x0000000100000000, 0x0000000100000000)
  eden space 278016K, 0% used [0x00000000eaa80000,0x00000000eaa80000,0x00000000fba00000)
  from space 30720K, 94% used [0x00000000fe200000,0x00000000ffe64878,0x0000000100000000)
  to   space 35840K, 0% used [0x00000000fba00000,0x00000000fba00000,0x00000000fdd00000)
 ParOldGen       total 61952K, used 39097K [0x00000000c0000000, 0x00000000c3c80000, 0x00000000eaa80000)
  object space 61952K, 63% used [0x00000000c0000000,0x00000000c262e6f8,0x00000000c3c80000)
 PSPermGen       total 46592K, used 46119K [0x00000000b0000000, 0x00000000b2d80000, 0x00000000c0000000)
  object space 46592K, 98% used [0x00000000b0000000,0x00000000b2d09c10,0x00000000b2d80000)
Event: 27,826 GC heap after
Heap after GC invocations=9 (full 1):
 PSYoungGen      total 308736K, used 0K [0x00000000eaa80000, 0x0000000100000000, 0x0000000100000000)
  eden space 278016K, 0% used [0x00000000eaa80000,0x00000000eaa80000,0x00000000fba00000)
  from space 30720K, 0% used [0x00000000fe200000,0x00000000fe200000,0x0000000100000000)
  to   space 35840K, 0% used [0x00000000fba00000,0x00000000fba00000,0x00000000fdd00000)
 ParOldGen       total 61952K, used 51277K [0x00000000c0000000, 0x00000000c3c80000, 0x00000000eaa80000)
  object space 61952K, 82% used [0x00000000c0000000,0x00000000c32136b0,0x00000000c3c80000)
 PSPermGen       total 92672K, used 46091K [0x00000000b0000000, 0x00000000b5a80000, 0x00000000c0000000)
  object space 92672K, 49% used [0x00000000b0000000,0x00000000b2d02f10,0x00000000b5a80000)
}
Event: 290,363 GC heap before
{Heap before GC invocations=10 (full 2):
 PSYoungGen      total 308736K, used 195918K [0x00000000eaa80000, 0x0000000100000000, 0x0000000100000000)
  eden space 278016K, 70% used [0x00000000eaa80000,0x00000000f69d3810,0x00000000fba00000)
  from space 30720K, 0% used [0x00000000fe200000,0x00000000fe200000,0x0000000100000000)
  to   space 35840K, 0% used [0x00000000fba00000,0x00000000fba00000,0x00000000fdd00000)
 ParOldGen       total 61952K, used 51277K [0x00000000c0000000, 0x00000000c3c80000, 0x00000000eaa80000)
  object space 61952K, 82% used [0x00000000c0000000,0x00000000c32136b0,0x00000000c3c80000)
 PSPermGen       total 92672K, used 46534K [0x00000000b0000000, 0x00000000b5a80000, 0x00000000c0000000)
  object space 92672K, 50% used [0x00000000b0000000,0x00000000b2d719a8,0x00000000b5a80000)
Event: 290,627 GC heap after
Heap after GC invocations=10 (full 2):
 PSYoungGen      total 308736K, used 0K [0x00000000eaa80000, 0x0000000100000000, 0x0000000100000000)
  eden space 278016K, 0% used [0x00000000eaa80000,0x00000000eaa80000,0x00000000fba00000)
  from space 30720K, 0% used [0x00000000fe200000,0x00000000fe200000,0x0000000100000000)
  to   space 35840K, 0% used [0x00000000fba00000,0x00000000fba00000,0x00000000fdd00000)
 ParOldGen       total 61952K, used 40946K [0x00000000c0000000, 0x00000000c3c80000, 0x00000000eaa80000)
  object space 61952K, 66% used [0x00000000c0000000,0x00000000c27fc878,0x00000000c3c80000)
 PSPermGen       total 104448K, used 46532K [0x00000000b0000000, 0x00000000b6600000, 0x00000000c0000000)
  object space 104448K, 44% used [0x00000000b0000000,0x00000000b2d712a8,0x00000000b6600000)
}
Event: 495,073 GC heap before
{Heap before GC invocations=11 (full 2):
 PSYoungGen      total 308736K, used 173815K [0x00000000eaa80000, 0x0000000100000000, 0x0000000100000000)
  eden space 278016K, 62% used [0x00000000eaa80000,0x00000000f543dc40,0x00000000fba00000)
  from space 30720K, 0% used [0x00000000fe200000,0x00000000fe200000,0x0000000100000000)
  to   space 35840K, 0% used [0x00000000fba00000,0x00000000fba00000,0x00000000fdd00000)
 ParOldGen       total 61952K, used 40946K [0x00000000c0000000, 0x00000000c3c80000, 0x00000000eaa80000)
  object space 61952K, 66% used [0x00000000c0000000,0x00000000c27fc878,0x00000000c3c80000)
 PSPermGen       total 104448K, used 46771K [0x00000000b0000000, 0x00000000b6600000, 0x00000000c0000000)
  object space 104448K, 44% used [0x00000000b0000000,0x00000000b2dacdc8,0x00000000b6600000)
Event: 495,079 GC heap after
Heap after GC invocations=11 (full 2):
 PSYoungGen      total 313856K, used 1712K [0x00000000eaa80000, 0x0000000100000000, 0x0000000100000000)
  eden space 278016K, 0% used [0x00000000eaa80000,0x00000000eaa80000,0x00000000fba00000)
  from space 35840K, 4% used [0x00000000fba00000,0x00000000fbbac050,0x00000000fdd00000)
  to   space 35840K, 0% used [0x00000000fdd00000,0x00000000fdd00000,0x0000000100000000)
 ParOldGen       total 61952K, used 40946K [0x00000000c0000000, 0x00000000c3c80000, 0x00000000eaa80000)
  object space 61952K, 66% used [0x00000000c0000000,0x00000000c27fc878,0x00000000c3c80000)
 PSPermGen       total 104448K, used 46771K [0x00000000b0000000, 0x00000000b6600000, 0x00000000c0000000)
  object space 104448K, 44% used [0x00000000b0000000,0x00000000b2dacdc8,0x00000000b6600000)
}
Event: 495,079 GC heap before
{Heap before GC invocations=12 (full 3):
 PSYoungGen      total 313856K, used 1712K [0x00000000eaa80000, 0x0000000100000000, 0x0000000100000000)
  eden space 278016K, 0% used [0x00000000eaa80000,0x00000000eaa80000,0x00000000fba00000)
  from space 35840K, 4% used [0x00000000fba00000,0x00000000fbbac050,0x00000000fdd00000)
  to   space 35840K, 0% used [0x00000000fdd00000,0x00000000fdd00000,0x0000000100000000)
 ParOldGen       total 61952K, used 40946K [0x00000000c0000000, 0x00000000c3c80000, 0x00000000eaa80000)
  object space 61952K, 66% used [0x00000000c0000000,0x00000000c27fc878,0x00000000c3c80000)
 PSPermGen       total 104448K, used 46771K [0x00000000b0000000, 0x00000000b6600000, 0x00000000c0000000)
  object space 104448K, 44% used [0x00000000b0000000,0x00000000b2dacdc8,0x00000000b6600000)
Event: 495,502 GC heap after
Heap after GC invocations=12 (full 3):
 PSYoungGen      total 313856K, used 0K [0x00000000eaa80000, 0x0000000100000000, 0x0000000100000000)
  eden space 278016K, 0% used [0x00000000eaa80000,0x00000000eaa80000,0x00000000fba00000)
  from space 35840K, 0% used [0x00000000fba00000,0x00000000fba00000,0x00000000fdd00000)
  to   space 35840K, 0% used [0x00000000fdd00000,0x00000000fdd00000,0x0000000100000000)
 ParOldGen       total 61952K, used 41123K [0x00000000c0000000, 0x00000000c3c80000, 0x00000000eaa80000)
  object space 61952K, 66% used [0x00000000c0000000,0x00000000c2828c90,0x00000000c3c80000)
 PSPermGen       total 100864K, used 46770K [0x00000000b0000000, 0x00000000b6280000, 0x00000000c0000000)
  object space 100864K, 46% used [0x00000000b0000000,0x00000000b2dac928,0x00000000b6280000)
}
Event: 687,464 GC heap before
{Heap before GC invocations=13 (full 3):
 PSYoungGen      total 313856K, used 278016K [0x00000000eaa80000, 0x0000000100000000, 0x0000000100000000)
  eden space 278016K, 100% used [0x00000000eaa80000,0x00000000fba00000,0x00000000fba00000)
  from space 35840K, 0% used [0x00000000fba00000,0x00000000fba00000,0x00000000fdd00000)
  to   space 35840K, 0% used [0x00000000fdd00000,0x00000000fdd00000,0x0000000100000000)
 ParOldGen       total 61952K, used 41123K [0x00000000c0000000, 0x00000000c3c80000, 0x00000000eaa80000)
  object space 61952K, 66% used [0x00000000c0000000,0x00000000c2828c90,0x00000000c3c80000)
 PSPermGen       total 100864K, used 47215K [0x00000000b0000000, 0x00000000b6280000, 0x00000000c0000000)
  object space 100864K, 46% used [0x00000000b0000000,0x00000000b2e1bd08,0x00000000b6280000)
Event: 687,482 GC heap after
Heap after GC invocations=13 (full 3):
 PSYoungGen      total 310784K, used 10138K [0x00000000eaa80000, 0x00000000ffd00000, 0x0000000100000000)
  eden space 278016K, 0% used [0x00000000eaa80000,0x00000000eaa80000,0x00000000fba00000)
  from space 32768K, 30% used [0x00000000fdd00000,0x00000000fe6e6a38,0x00000000ffd00000)
  to   space 34304K, 0% used [0x00000000fba00000,0x00000000fba00000,0x00000000fdb80000)
 ParOldGen       total 61952K, used 41123K [0x00000000c0000000, 0x00000000c3c80000, 0x00000000eaa80000)
  object space 61952K, 66% used [0x00000000c0000000,0x00000000c2828c90,0x00000000c3c80000)
 PSPermGen       total 100864K, used 47215K [0x00000000b0000000, 0x00000000b6280000, 0x00000000c0000000)
  object space 100864K, 46% used [0x00000000b0000000,0x00000000b2e1bd08,0x00000000b6280000)
}

Deoptimization events (10 events):
Event: 494,996 Thread 0x00007f428c007000 Uncommon trap: reason=class_check action=maybe_recompile pc=0x00007f42d109f138 method=java.util.AbstractList$Itr.next()Ljava/lang/Object; @ 14
Event: 495,502 Thread 0x00007f42d4136800 Uncommon trap: reason=unstable_if action=reinterpret pc=0x00007f42d121fde4 method=java.lang.ref.Reference$ReferenceHandler.run()V @ 74
Event: 526,816 Thread 0x00007f428c007000 Uncommon trap: reason=class_check action=maybe_recompile pc=0x00007f42d13a3644 method=java.util.Formatter.format(Ljava/util/Locale;Ljava/lang/String;[Ljava/lang/Object;)Ljava/util/Formatter; @ 76
Event: 686,326 Thread 0x00007f428c006000 Uncommon trap: reason=class_check action=maybe_recompile pc=0x00007f42d13a3644 method=java.util.Formatter.format(Ljava/util/Locale;Ljava/lang/String;[Ljava/lang/Object;)Ljava/util/Formatter; @ 76
Event: 686,462 Thread 0x00007f428c006000 Uncommon trap: reason=predicate action=maybe_recompile pc=0x00007f42d121f604 method=java.util.LinkedList.toArray([Ljava/lang/Object;)[Ljava/lang/Object; @ 45
Event: 687,485 Thread 0x00007f428c006000 Uncommon trap: reason=null_check action=make_not_entrant pc=0x00007f42d124182c method=com.sun.tools.javac.util.UnsharedNameTable.fromUtf([BII)Lcom/sun/tools/javac/util/Name; @ 50
Event: 687,527 Thread 0x00007f428c006000 Uncommon trap: reason=bimorphic action=maybe_recompile pc=0x00007f42d16311d8 method=java.util.Collections.indexedBinarySearch(Ljava/util/List;Ljava/lang/Object;)I @ 39
Event: 687,528 Thread 0x00007f428c006000 Uncommon trap: reason=bimorphic action=maybe_recompile pc=0x00007f42d16311d8 method=java.util.Collections.indexedBinarySearch(Ljava/util/List;Ljava/lang/Object;)I @ 39
Event: 687,529 Thread 0x00007f428c006000 Uncommon trap: reason=bimorphic action=maybe_recompile pc=0x00007f42d16311d8 method=java.util.Collections.indexedBinarySearch(Ljava/util/List;Ljava/lang/Object;)I @ 39
Event: 687,529 Thread 0x00007f428c006000 Uncommon trap: reason=bimorphic action=maybe_recompile pc=0x00007f42d16311d8 method=java.util.Collections.indexedBinarySearch(Ljava/util/List;Ljava/lang/Object;)I @ 39

Internal exceptions (10 events):
Event: 686,461 Thread 0x00007f428c006000 Threw 0x00000000f4ff6a38 at /HUDSON/workspace/7u-2-build-linux-amd64/jdk7u80/2329/hotspot/src/share/vm/prims/jvm.cpp:1319
Event: 686,462 Thread 0x00007f428c006000 Threw 0x00000000f5002470 at /HUDSON/workspace/7u-2-build-linux-amd64/jdk7u80/2329/hotspot/src/share/vm/prims/jvm.cpp:1319
Event: 686,463 Thread 0x00007f428c006000 Threw 0x00000000f5008268 at /HUDSON/workspace/7u-2-build-linux-amd64/jdk7u80/2329/hotspot/src/share/vm/prims/jvm.cpp:1319
Event: 686,463 Thread 0x00007f428c006000 Threw 0x00000000f5009270 at /HUDSON/workspace/7u-2-build-linux-amd64/jdk7u80/2329/hotspot/src/share/vm/prims/jvm.cpp:1319
Event: 686,463 Thread 0x00007f428c006000 Threw 0x00000000f50121a0 at /HUDSON/workspace/7u-2-build-linux-amd64/jdk7u80/2329/hotspot/src/share/vm/prims/jvm.cpp:1319
Event: 686,464 Thread 0x00007f428c006000 Threw 0x00000000f50147a8 at /HUDSON/workspace/7u-2-build-linux-amd64/jdk7u80/2329/hotspot/src/share/vm/prims/jvm.cpp:1319
Event: 686,464 Thread 0x00007f428c006000 Threw 0x00000000f501abb8 at /HUDSON/workspace/7u-2-build-linux-amd64/jdk7u80/2329/hotspot/src/share/vm/prims/jvm.cpp:1319
Event: 686,464 Thread 0x00007f428c006000 Threw 0x00000000f501be48 at /HUDSON/workspace/7u-2-build-linux-amd64/jdk7u80/2329/hotspot/src/share/vm/prims/jvm.cpp:1319
Event: 686,464 Thread 0x00007f428c006000 Threw 0x00000000f5025870 at /HUDSON/workspace/7u-2-build-linux-amd64/jdk7u80/2329/hotspot/src/share/vm/prims/jvm.cpp:1319
Event: 687,485 Thread 0x00007f428c006000 Implicit null exception at 0x00007f42d1240fc9 to 0x00007f42d12417e9

Events (10 events):
Event: 687,529 Thread 0x00007f428c006000 DEOPT UNPACKING pc=0x00007f42d1039045 sp=0x00007f42c8224280 mode 2
Event: 687,846 Thread 0x00007f429001c000 Thread added: 0x00007f429001c000
Event: 687,851 Thread 0x00007f4280001800 Thread added: 0x00007f4280001800
Event: 687,851 Thread 0x00007f4280002800 Thread added: 0x00007f4280002800
Event: 687,851 Executing VM operation: RevokeBias
Event: 687,851 Executing VM operation: RevokeBias done
Event: 687,857 Thread 0x00007f4280004000 Thread added: 0x00007f4280004000
Event: 687,857 Thread 0x00007f4280002800 Thread exited: 0x00007f4280002800
Event: 687,858 Thread 0x00007f4280002800 Thread added: 0x00007f4280002800
Event: 687,858 Thread 0x00007f4280005800 Thread added: 0x00007f4280005800


Dynamic libraries:
00400000-00401000 r-xp 00000000 08:06 1586174                            /usr/lib/jvm/java-7-oracle/bin/java
00600000-00601000 rw-p 00000000 08:06 1586174                            /usr/lib/jvm/java-7-oracle/bin/java
01ecb000-01eec000 rw-p 00000000 00:00 0                                  [heap]
b0000000-b6280000 rw-p 00000000 00:00 0 
b6280000-b6600000 ---p 00000000 00:00 0 
b6600000-c0000000 rw-p 00000000 00:00 0 
c0000000-c3c80000 rw-p 00000000 00:00 0 
c3c80000-eaa80000 rw-p 00000000 00:00 0 
eaa80000-ffd00000 rw-p 00000000 00:00 0 
ffd00000-100000000 ---p 00000000 00:00 0 
7f425c000000-7f425c021000 rw-p 00000000 00:00 0 
7f425c021000-7f4260000000 ---p 00000000 00:00 0 
7f4264000000-7f4264021000 rw-p 00000000 00:00 0 
7f4264021000-7f4268000000 ---p 00000000 00:00 0 
7f4268000000-7f4268021000 rw-p 00000000 00:00 0 
7f4268021000-7f426c000000 ---p 00000000 00:00 0 
7f426c000000-7f426c021000 rw-p 00000000 00:00 0 
7f426c021000-7f4270000000 ---p 00000000 00:00 0 
7f4270000000-7f4270021000 rw-p 00000000 00:00 0 
7f4270021000-7f4274000000 ---p 00000000 00:00 0 
7f4274000000-7f4274021000 rw-p 00000000 00:00 0 
7f4274021000-7f4278000000 ---p 00000000 00:00 0 
7f4278000000-7f4278021000 rw-p 00000000 00:00 0 
7f4278021000-7f427c000000 ---p 00000000 00:00 0 
7f427c000000-7f427c021000 rw-p 00000000 00:00 0 
7f427c021000-7f4280000000 ---p 00000000 00:00 0 
7f4280000000-7f4280021000 rw-p 00000000 00:00 0 
7f4280021000-7f4284000000 ---p 00000000 00:00 0 
7f4284000000-7f4284021000 rw-p 00000000 00:00 0 
7f4284021000-7f4288000000 ---p 00000000 00:00 0 
7f4288000000-7f428900f000 rw-p 00000000 00:00 0 
7f428900f000-7f428c000000 ---p 00000000 00:00 0 
7f428c000000-7f428c042000 rw-p 00000000 00:00 0 
7f428c042000-7f4290000000 ---p 00000000 00:00 0 
7f4290000000-7f42900b8000 rw-p 00000000 00:00 0 
7f42900b8000-7f4294000000 ---p 00000000 00:00 0 
7f4294000000-7f4294021000 rw-p 00000000 00:00 0 
7f4294021000-7f4298000000 ---p 00000000 00:00 0 
7f4298000000-7f4298057000 rw-p 00000000 00:00 0 
7f4298057000-7f429c000000 ---p 00000000 00:00 0 
7f429c000000-7f429d5f6000 rw-p 00000000 00:00 0 
7f429d5f6000-7f42a0000000 ---p 00000000 00:00 0 
7f42a0000000-7f42a0021000 rw-p 00000000 00:00 0 
7f42a0021000-7f42a4000000 ---p 00000000 00:00 0 
7f42a4000000-7f42a4021000 rw-p 00000000 00:00 0 
7f42a4021000-7f42a8000000 ---p 00000000 00:00 0 
7f42a8000000-7f42a9dba000 rw-p 00000000 00:00 0 
7f42a9dba000-7f42ac000000 ---p 00000000 00:00 0 
7f42ac000000-7f42ac021000 rw-p 00000000 00:00 0 
7f42ac021000-7f42b0000000 ---p 00000000 00:00 0 
7f42b0000000-7f42b0021000 rw-p 00000000 00:00 0 
7f42b0021000-7f42b4000000 ---p 00000000 00:00 0 
7f42b4000000-7f42b4021000 rw-p 00000000 00:00 0 
7f42b4021000-7f42b8000000 ---p 00000000 00:00 0 
7f42b8000000-7f42b8021000 rw-p 00000000 00:00 0 
7f42b8021000-7f42bc000000 ---p 00000000 00:00 0 
7f42bc000000-7f42bc029000 rw-p 00000000 00:00 0 
7f42bc029000-7f42c0000000 ---p 00000000 00:00 0 
7f42c355c000-7f42c355d000 rw-p 00000000 00:00 0 
7f42c355d000-7f42c3565000 r-xp 00000000 08:06 524756                     /usr/lib/jvm/java-7-oracle/jre/lib/amd64/libmanagement.so
7f42c3565000-7f42c3764000 ---p 00008000 08:06 524756                     /usr/lib/jvm/java-7-oracle/jre/lib/amd64/libmanagement.so
7f42c3764000-7f42c3765000 rw-p 00007000 08:06 524756                     /usr/lib/jvm/java-7-oracle/jre/lib/amd64/libmanagement.so
7f42c3765000-7f42c3768000 ---p 00000000 00:00 0 
7f42c3768000-7f42c3866000 rw-p 00000000 00:00 0                          [stack:28304]
7f42c3866000-7f42c3869000 ---p 00000000 00:00 0 
7f42c3869000-7f42c3967000 rw-p 00000000 00:00 0                          [stack:28315]
7f42c3967000-7f42c396a000 ---p 00000000 00:00 0 
7f42c396a000-7f42c3a68000 rw-p 00000000 00:00 0                          [stack:28314]
7f42c3a68000-7f42c3a6b000 ---p 00000000 00:00 0 
7f42c3a6b000-7f42c3b69000 rw-p 00000000 00:00 0 
7f42c3b69000-7f42c3b6c000 ---p 00000000 00:00 0 
7f42c3b6c000-7f42c3c6a000 rw-p 00000000 00:00 0                          [stack:28309]
7f42c3c6a000-7f42c3c6d000 ---p 00000000 00:00 0 
7f42c3c6d000-7f42c3d6b000 rw-p 00000000 00:00 0 
7f42c3d6b000-7f42c3d6d000 r--s 0000d000 08:06 13634439                   /home/bober/android-studio/gradle/m2repository/commons-codec/commons-codec/1.4/commons-codec-1.4.jar
7f42c3d6d000-7f42c3d6f000 r--s 0000d000 08:06 7479658                    /home/bober/android-studio/gradle/m2repository/commons-logging/commons-logging/1.1.1/commons-logging-1.1.1.jar
7f42c3d6f000-7f42c3d74000 r--s 00028000 08:06 7608798                    /home/bober/android-studio/gradle/m2repository/org/apache/httpcomponents/httpcore/4.1/httpcore-4.1.jar
7f42c3d74000-7f42c3d7c000 r--s 000a8000 08:06 11279116                   /home/bober/android-studio/gradle/m2repository/com/android/tools/external/lombok/lombok-ast/0.2.3/lombok-ast-0.2.3.jar
7f42c3d7c000-7f42c3d7d000 r--s 0000a000 08:06 13374587                   /home/bober/android-studio/gradle/m2repository/net/sf/kxml/kxml2/2.3.0/kxml2-2.3.0.jar
7f42c3d7d000-7f42c3d7e000 r--s 00005000 08:06 11414081                   /home/bober/android-studio/gradle/m2repository/com/android/tools/dvlib/24.2.3/dvlib-24.2.3.jar
7f42c3d7e000-7f42c3d85000 r--s 00053000 08:06 7739508                    /home/bober/android-studio/gradle/m2repository/org/apache/commons/commons-compress/1.8.1/commons-compress-1.8.1.jar
7f42c3d85000-7f42c3d87000 r--s 00005000 08:06 7608791                    /home/bober/android-studio/gradle/m2repository/org/apache/httpcomponents/httpmime/4.1/httpmime-4.1.jar
7f42c3d87000-7f42c3d8f000 r--s 0004e000 08:06 7739500                    /home/bober/android-studio/gradle/m2repository/org/apache/httpcomponents/httpclient/4.1.1/httpclient-4.1.1.jar
7f42c3d8f000-7f42c3d92000 r--s 00012000 08:06 11414055                   /home/bober/android-studio/gradle/m2repository/com/android/tools/layoutlib/layoutlib-api/24.2.3/layoutlib-api-24.2.3.jar
7f42c3d92000-7f42c3d93000 r--s 00001000 08:06 11279127                   /home/bober/android-studio/gradle/m2repository/com/android/tools/annotations/24.2.3/annotations-24.2.3.jar
7f42c3d93000-7f42c3dbe000 r--s 001f9000 08:06 10229365                   /home/bober/android-studio/gradle/m2repository/com/google/guava/guava/17.0/guava-17.0.jar
7f42c3dbe000-7f42c3dbf000 r--s 00004000 08:06 7869957                    /home/bober/android-studio/gradle/m2repository/org/ow2/asm/asm-analysis/5.0.3/asm-analysis-5.0.3.jar
7f42c3dbf000-7f42c3dc2000 r--s 0002b000 08:06 10361454                   /home/bober/android-studio/gradle/m2repository/com/android/tools/lint/lint-api/24.2.3/lint-api-24.2.3.jar
7f42c3dc2000-7f42c3dd0000 r--s 00081000 08:06 7869934                    /home/bober/android-studio/gradle/m2repository/org/bouncycastle/bcpkix-jdk15on/1.48/bcpkix-jdk15on-1.48.jar
7f42c3dd0000-7f42c3dd5000 r--s 0002a000 08:06 10229358                   /home/bober/android-studio/gradle/m2repository/com/google/code/gson/gson/2.2.4/gson-2.2.4.jar
7f42c3dd5000-7f42c3dd6000 r--s 0000c000 08:06 9443567                    /home/bober/android-studio/gradle/m2repository/org/ow2/asm/asm/5.0.3/asm-5.0.3.jar
7f42c3dd6000-7f42c3ddb000 r--s 00042000 08:06 11541513                   /home/bober/android-studio/gradle/m2repository/com/android/tools/ddms/ddmlib/24.2.3/ddmlib-24.2.3.jar
7f42c3ddb000-7f42c3ddf000 r--s 00029000 08:06 12064783                   /home/bober/android-studio/gradle/m2repository/com/android/tools/build/manifest-merger/24.2.3/manifest-merger-24.2.3.jar
7f42c3ddf000-7f42c3de9000 r--s 000a9000 08:06 12328583                   /home/bober/android-studio/gradle/m2repository/com/android/tools/sdklib/24.2.3/sdklib-24.2.3.jar
7f42c3de9000-7f42c3deb000 r--s 00004000 08:06 11541539                   /home/bober/android-studio/gradle/m2repository/com/android/tools/build/builder-model/1.2.3/builder-model-1.2.3.jar
7f42c3deb000-7f42c3ded000 r--s 00012000 08:06 11414094                   /home/bober/android-studio/gradle/m2repository/com/android/tools/common/24.2.3/common-24.2.3.jar
7f42c3ded000-7f42c3def000 r--s 00002000 08:06 10229276                   /home/bober/android-studio/gradle/m2repository/com/squareup/javawriter/2.5.0/javawriter-2.5.0.jar
7f42c3def000-7f42c3df1000 r--s 00006000 08:06 10100163                   /home/bober/android-studio/gradle/m2repository/org/ow2/asm/asm-tree/5.0.3/asm-tree-5.0.3.jar
7f42c3df1000-7f42c3df2000 r--s 00002000 08:06 11541552                   /home/bober/android-studio/gradle/m2repository/com/android/tools/build/builder-test-api/1.2.3/builder-test-api-1.2.3.jar
7f42c3df2000-7f42c3df8000 r--s 0005f000 08:06 11414069                   /home/bober/android-studio/gradle/m2repository/com/android/tools/sdk-common/24.2.3/sdk-common-24.2.3.jar
7f42c3df8000-7f42c3e2b000 r--s 00203000 08:06 7869940                    /home/bober/android-studio/gradle/m2repository/org/bouncycastle/bcprov-jdk15on/1.48/bcprov-jdk15on-1.48.jar
7f42c3e2b000-7f42c3e31000 r--s 00093000 08:06 10361440                   /home/bober/android-studio/gradle/m2repository/com/android/tools/lint/lint-checks/24.2.3/lint-checks-24.2.3.jar
7f42c3e31000-7f42c3e43000 r--s 00220000 08:06 7608765                    /home/bober/android-studio/gradle/m2repository/org/eclipse/jdt/core/compiler/ecj/4.4/ecj-4.4.jar
7f42c3e43000-7f42c3e53000 r--s 000d3000 08:06 12720598                   /home/bober/android-studio/gradle/m2repository/net/sf/proguard/proguard-base/5.1/proguard-base-5.1.jar
7f42c3e53000-7f42c3e58000 r--s 00039000 08:06 11541528                   /home/bober/android-studio/gradle/m2repository/com/android/tools/build/builder/1.2.3/builder-1.2.3.jar
7f42c3e58000-7f42c3e5a000 r--s 0001a000 08:06 10361428                   /home/bober/android-studio/gradle/m2repository/com/android/tools/lint/lint/24.2.3/lint-24.2.3.jar
7f42c3e5a000-7f42c3e5b000 r--s 00002000 08:06 12848759                   /home/bober/android-studio/gradle/m2repository/net/sf/proguard/proguard-gradle/5.1/proguard-gradle-5.1.jar
7f42c3e5b000-7f42c3e5e000 ---p 00000000 00:00 0 
7f42c3e5e000-7f42c3f5c000 rw-p 00000000 00:00 0                          [stack:27841]
7f42c3f5c000-7f42c3f5f000 ---p 00000000 00:00 0 
7f42c3f5f000-7f42c3f95000 rw-p 00000000 00:00 0                          [stack:28306]
7f42c3f95000-7f42c4000000 r--s 00e21000 08:06 919782                     /usr/lib/jvm/java-7-oracle/lib/tools.jar
7f42c4000000-7f42c4021000 rw-p 00000000 00:00 0 
7f42c4021000-7f42c8000000 ---p 00000000 00:00 0 
7f42c8000000-7f42c8013000 r--s 0015d000 08:06 11933010                   /home/bober/android-studio/gradle/m2repository/com/android/tools/build/gradle-core/1.2.3/gradle-core-1.2.3.jar
7f42c8013000-7f42c8015000 r--s 0000c000 08:06 11803022                   /home/bober/android-studio/gradle/m2repository/com/android/tools/build/gradle/1.2.3/gradle-1.2.3.jar
7f42c8015000-7f42c801f000 r--s 00253000 08:06 525841                     /usr/lib/jvm/java-7-oracle/jre/lib/resources.jar
7f42c801f000-7f42c8020000 r--p 00000000 00:00 0 
7f42c8020000-7f42c8023000 ---p 00000000 00:00 0 
7f42c8023000-7f42c8121000 rw-p 00000000 00:00 0                          [stack:28303]
7f42c8121000-7f42c8128000 r--s 00000000 08:06 133850                     /usr/lib/x86_64-linux-gnu/gconv/gconv-modules.cache
7f42c8128000-7f42c812b000 ---p 00000000 00:00 0 
7f42c812b000-7f42c8229000 rw-p 00000000 00:00 0                          [stack:28300]
7f42c8229000-7f42c822c000 ---p 00000000 00:00 0 
7f42c822c000-7f42c832a000 rw-p 00000000 00:00 0                          [stack:28299]
7f42c832a000-7f42c832d000 ---p 00000000 00:00 0 
7f42c832d000-7f42c842b000 rw-p 00000000 00:00 0                          [stack:28298]
7f42c842b000-7f42c842e000 ---p 00000000 00:00 0 
7f42c842e000-7f42c852c000 rw-p 00000000 00:00 0                          [stack:28297]
7f42c852c000-7f42c852f000 ---p 00000000 00:00 0 
7f42c852f000-7f42c862d000 rw-p 00000000 00:00 0                          [stack:27831]
7f42c862d000-7f42c8631000 r--s 0008b000 08:06 529413                     /usr/lib/jvm/java-7-oracle/jre/lib/jsse.jar
7f42c8631000-7f42c8632000 r--s 00002000 08:06 12327336                   /home/bober/.gradle/wrapper/dists/gradle-2.4-all/6r4uqcc6ovnq6ac6s0txzcpc0/gradle-2.4/lib/plugins/gradle-tooling-api-builders-2.4.jar
7f42c8632000-7f42c8641000 r--s 00081000 08:06 12327381                   /home/bober/.gradle/wrapper/dists/gradle-2.4-all/6r4uqcc6ovnq6ac6s0txzcpc0/gradle-2.4/lib/plugins/joda-time-2.7.jar
7f42c8641000-7f42c8652000 r--s 000cf000 08:06 12327380                   /home/bober/.gradle/wrapper/dists/gradle-2.4-all/6r4uqcc6ovnq6ac6s0txzcpc0/gradle-2.4/lib/plugins/jackson-databind-2.3.2.jar
7f42c8652000-7f42c8654000 r--s 00007000 08:06 12327379                   /home/bober/.gradle/wrapper/dists/gradle-2.4-all/6r4uqcc6ovnq6ac6s0txzcpc0/gradle-2.4/lib/plugins/jackson-annotations-2.3.2.jar
7f42c8654000-7f42c8657000 r--s 0002e000 08:06 12327378                   /home/bober/.gradle/wrapper/dists/gradle-2.4-all/6r4uqcc6ovnq6ac6s0txzcpc0/gradle-2.4/lib/plugins/jackson-core-2.3.2.jar
7f42c8657000-7f42c8662000 r--s 0006b000 08:06 12327377                   /home/bober/.gradle/wrapper/dists/gradle-2.4-all/6r4uqcc6ovnq6ac6s0txzcpc0/gradle-2.4/lib/plugins/aws-java-sdk-core-1.9.19.jar
7f42c8662000-7f42c8668000 r--s 00036000 08:06 12327376                   /home/bober/.gradle/wrapper/dists/gradle-2.4-all/6r4uqcc6ovnq6ac6s0txzcpc0/gradle-2.4/lib/plugins/aws-java-sdk-kms-1.9.19.jar
7f42c8668000-7f42c8673000 r--s 00079000 08:06 12327375                   /home/bober/.gradle/wrapper/dists/gradle-2.4-all/6r4uqcc6ovnq6ac6s0txzcpc0/gradle-2.4/lib/plugins/aws-java-sdk-s3-1.9.19.jar
7f42c8673000-7f42c8674000 r--s 00003000 08:06 12327335                   /home/bober/.gradle/wrapper/dists/gradle-2.4-all/6r4uqcc6ovnq6ac6s0txzcpc0/gradle-2.4/lib/plugins/gradle-resources-s3-2.4.jar
7f42c8674000-7f42c8676000 r--s 00003000 08:06 12327334                   /home/bober/.gradle/wrapper/dists/gradle-2.4-all/6r4uqcc6ovnq6ac6s0txzcpc0/gradle-2.4/lib/plugins/gradle-resources-sftp-2.4.jar
7f42c8676000-7f42c8677000 r--s 00001000 08:06 12327331                   /home/bober/.gradle/wrapper/dists/gradle-2.4-all/6r4uqcc6ovnq6ac6s0txzcpc0/gradle-2.4/lib/plugins/gradle-plugin-development-2.4.jar
7f42c8677000-7f42c8678000 r--s 00005000 08:06 12327330                   /home/bober/.gradle/wrapper/dists/gradle-2.4-all/6r4uqcc6ovnq6ac6s0txzcpc0/gradle-2.4/lib/plugins/gradle-testing-native-2.4.jar
7f42c8678000-7f42c867d000 r--s 00036000 08:06 12327329                   /home/bober/.gradle/wrapper/dists/gradle-2.4-all/6r4uqcc6ovnq6ac6s0txzcpc0/gradle-2.4/lib/plugins/gradle-ide-native-2.4.jar
7f42c867d000-7f42c8682000 r--s 0001a000 08:06 12327328                   /home/bober/.gradle/wrapper/dists/gradle-2.4-all/6r4uqcc6ovnq6ac6s0txzcpc0/gradle-2.4/lib/plugins/gradle-language-native-2.4.jar
7f42c8682000-7f42c8687000 r--s 00022000 08:06 12327327                   /home/bober/.gradle/wrapper/dists/gradle-2.4-all/6r4uqcc6ovnq6ac6s0txzcpc0/gradle-2.4/lib/plugins/gradle-platform-play-2.4.jar
7f42c8687000-7f42c8694000 r--s 00057000 08:06 12327326                   /home/bober/.gradle/wrapper/dists/gradle-2.4-all/6r4uqcc6ovnq6ac6s0txzcpc0/gradle-2.4/lib/plugins/gradle-platform-native-2.4.jar
7f42c8694000-7f42c8697000 r--s 00008000 08:06 12327325                   /home/bober/.gradle/wrapper/dists/gradle-2.4-all/6r4uqcc6ovnq6ac6s0txzcpc0/gradle-2.4/lib/plugins/gradle-language-scala-2.4.jar
7f42c8697000-7f42c8699000 r--s 00009000 08:06 12327324                   /home/bober/.gradle/wrapper/dists/gradle-2.4-all/6r4uqcc6ovnq6ac6s0txzcpc0/gradle-2.4/lib/plugins/gradle-language-groovy-2.4.jar
7f42c8699000-7f42c869f000 r--s 00023000 08:06 12327323                   /home/bober/.gradle/wrapper/dists/gradle-2.4-all/6r4uqcc6ovnq6ac6s0txzcpc0/gradle-2.4/lib/plugins/gradle-language-java-2.4.jar
7f42c869f000-7f42c86a1000 r--s 00008000 08:06 12327322                   /home/bober/.gradle/wrapper/dists/gradle-2.4-all/6r4uqcc6ovnq6ac6s0txzcpc0/gradle-2.4/lib/plugins/gradle-language-jvm-2.4.jar
7f42c86a1000-7f42c86a3000 r--s 00009000 08:06 12327321                   /home/bober/.gradle/wrapper/dists/gradle-2.4-all/6r4uqcc6ovnq6ac6s0txzcpc0/gradle-2.4/lib/plugins/gradle-platform-jvm-2.4.jar
7f42c86a3000-7f42c86aa000 r--s 00020000 08:06 12327320                   /home/bober/.gradle/wrapper/dists/gradle-2.4-all/6r4uqcc6ovnq6ac6s0txzcpc0/gradle-2.4/lib/plugins/gradle-platform-base-2.4.jar
7f42c86aa000-7f42c86ae000 r--s 00025000 08:06 12327319                   /home/bober/.gradle/wrapper/dists/gradle-2.4-all/6r4uqcc6ovnq6ac6s0txzcpc0/gradle-2.4/lib/plugins/gradle-build-init-2.4.jar
7f42c86ae000-7f42c86b1000 r--s 0001c000 08:06 12327318                   /home/bober/.gradle/wrapper/dists/gradle-2.4-all/6r4uqcc6ovnq6ac6s0txzcpc0/gradle-2.4/lib/plugins/gradle-jacoco-2.4.jar
7f42c86b1000-7f42c86b4000 r--s 0000e000 08:06 12327317                   /home/bober/.gradle/wrapper/dists/gradle-2.4-all/6r4uqcc6ovnq6ac6s0txzcpc0/gradle-2.4/lib/plugins/gradle-ivy-2.4.jar
7f42c86b4000-7f42c86b6000 r--s 00002000 08:06 12327316                   /home/bober/.gradle/wrapper/dists/gradle-2.4-all/6r4uqcc6ovnq6ac6s0txzcpc0/gradle-2.4/lib/plugins/gradle-publish-2.4.jar
7f42c86b6000-7f42c86b8000 r--s 00005000 08:06 12327371                   /home/bober/.gradle/wrapper/dists/gradle-2.4-all/6r4uqcc6ovnq6ac6s0txzcpc0/gradle-2.4/lib/plugins/jatl-0.2.2.jar
7f42c86b8000-7f42c86ba000 r--s 0000f000 08:06 12327315                   /home/bober/.gradle/wrapper/dists/gradle-2.4-all/6r4uqcc6ovnq6ac6s0txzcpc0/gradle-2.4/lib/plugins/gradle-reporting-2.4.jar
7f42c86ba000-7f42c86bf000 r--s 00036000 08:06 12327314                   /home/bober/.gradle/wrapper/dists/gradle-2.4-all/6r4uqcc6ovnq6ac6s0txzcpc0/gradle-2.4/lib/plugins/gradle-diagnostics-2.4.jar
7f42c86bf000-7f42c86c6000 r--s 00094000 08:06 12327313                   /home/bober/.gradle/wrapper/dists/gradle-2.4-all/6r4uqcc6ovnq6ac6s0txzcpc0/gradle-2.4/lib/plugins/gradle-build-comparison-2.4.jar
7f42c86c6000-7f42c86cd000 r--s 00035000 08:06 12327370                   /home/bober/.gradle/wrapper/dists/gradle-2.4-all/6r4uqcc6ovnq6ac6s0txzcpc0/gradle-2.4/lib/plugins/simple-4.1.21.jar
7f42c86cd000-7f42c86d9000 r--s 00100000 08:06 12327368                   /home/bober/.gradle/wrapper/dists/gradle-2.4-all/6r4uqcc6ovnq6ac6s0txzcpc0/gradle-2.4/lib/plugins/rhino-1.7R3.jar
7f42c86d9000-7f42c86de000 r--s 0001f000 08:06 12327312                   /home/bober/.gradle/wrapper/dists/gradle-2.4-all/6r4uqcc6ovnq6ac6s0txzcpc0/gradle-2.4/lib/plugins/gradle-javascript-2.4.jar
7f42c86de000-7f42c86e0000 r--s 0000e000 08:06 12327311                   /home/bober/.gradle/wrapper/dists/gradle-2.4-all/6r4uqcc6ovnq6ac6s0txzcpc0/gradle-2.4/lib/plugins/gradle-ear-2.4.jar
7f42c86e0000-7f42c86e7000 r--s 00038000 08:06 12327367                   /home/bober/.gradle/wrapper/dists/gradle-2.4-all/6r4uqcc6ovnq6ac6s0txzcpc0/gradle-2.4/lib/plugins/bcpg-jdk15on-1.51.jar
7f42c86e7000-7f42c86ea000 r--s 0001d000 08:06 12327310                   /home/bober/.gradle/wrapper/dists/gradle-2.4-all/6r4uqcc6ovnq6ac6s0txzcpc0/gradle-2.4/lib/plugins/gradle-signing-2.4.jar
7f42c86ea000-7f42c86eb000 r--s 00002000 08:06 12327366                   /home/bober/.gradle/wrapper/dists/gradle-2.4-all/6r4uqcc6ovnq6ac6s0txzcpc0/gradle-2.4/lib/plugins/sonar-batch-bootstrapper-2.9.jar
7f42c86eb000-7f42c86ee000 r--s 00019000 08:06 12327309                   /home/bober/.gradle/wrapper/dists/gradle-2.4-all/6r4uqcc6ovnq6ac6s0txzcpc0/gradle-2.4/lib/plugins/gradle-sonar-2.4.jar
7f42c86ee000-7f42c86f0000 r--s 00013000 08:06 12327308                   /home/bober/.gradle/wrapper/dists/gradle-2.4-all/6r4uqcc6ovnq6ac6s0txzcpc0/gradle-2.4/lib/plugins/gradle-scala-2.4.jar
7f42c86f0000-7f42c86f1000 r--s 0000e000 08:06 12327307                   /home/bober/.gradle/wrapper/dists/gradle-2.4-all/6r4uqcc6ovnq6ac6s0txzcpc0/gradle-2.4/lib/plugins/gradle-announce-2.4.jar
7f42c86f1000-7f42c86fe000 r--s 000b9000 08:06 12327306                   /home/bober/.gradle/wrapper/dists/gradle-2.4-all/6r4uqcc6ovnq6ac6s0txzcpc0/gradle-2.4/lib/plugins/gradle-ide-2.4.jar
7f42c86fe000-7f42c8700000 r--s 00000000 08:06 12327365                   /home/bober/.gradle/wrapper/dists/gradle-2.4-all/6r4uqcc6ovnq6ac6s0txzcpc0/gradle-2.4/lib/plugins/plexus-component-annotations-1.5.2.jar
7f42c8700000-7f42c8703000 r--s 0000c000 08:06 12327364                   /home/bober/.gradle/wrapper/dists/gradle-2.4-all/6r4uqcc6ovnq6ac6s0txzcpc0/gradle-2.4/lib/plugins/pmaven-groovy-0.8-20100325.jar
7f42c8703000-7f42c8704000 r--s 00004000 08:06 12327363                   /home/bober/.gradle/wrapper/dists/gradle-2.4-all/6r4uqcc6ovnq6ac6s0txzcpc0/gradle-2.4/lib/plugins/pmaven-common-0.8-20100325.jar
7f42c8704000-7f42c8706000 r--s 0000b000 08:06 12327362                   /home/bober/.gradle/wrapper/dists/gradle-2.4-all/6r4uqcc6ovnq6ac6s0txzcpc0/gradle-2.4/lib/plugins/wagon-provider-api-1.0-beta-6.jar
7f42c8706000-7f42c8707000 r--s 00003000 08:06 12327361                   /home/bober/.gradle/wrapper/dists/gradle-2.4-all/6r4uqcc6ovnq6ac6s0txzcpc0/gradle-2.4/lib/plugins/wagon-http-lightweight-1.0-beta-6.jar
7f42c8707000-7f42c8708000 r--s 00002000 08:06 12327360                   /home/bober/.gradle/wrapper/dists/gradle-2.4-all/6r4uqcc6ovnq6ac6s0txzcpc0/gradle-2.4/lib/plugins/wagon-file-1.0-beta-6.jar
7f42c8708000-7f42c8709000 r--s 0000b000 08:06 12327359                   /home/bober/.gradle/wrapper/dists/gradle-2.4-all/6r4uqcc6ovnq6ac6s0txzcpc0/gradle-2.4/lib/plugins/maven-settings-2.2.1.jar
7f42c8709000-7f42c870b000 r--s 00002000 08:06 12327358                   /home/bober/.gradle/wrapper/dists/gradle-2.4-all/6r4uqcc6ovnq6ac6s0txzcpc0/gradle-2.4/lib/plugins/maven-error-diagnostics-2.2.1.jar
7f42c870b000-7f42c870f000 r--s 00023000 08:06 12327357                   /home/bober/.gradle/wrapper/dists/gradle-2.4-all/6r4uqcc6ovnq6ac6s0txzcpc0/gradle-2.4/lib/plugins/maven-project-2.2.1.jar
7f42c870f000-7f42c8711000 r--s 00014000 08:06 12327356                   /home/bober/.gradle/wrapper/dists/gradle-2.4-all/6r4uqcc6ovnq6ac6s0txzcpc0/gradle-2.4/lib/plugins/maven-model-2.2.1.jar
7f42c8711000-7f42c8713000 r--s 00005000 08:06 12327355                   /home/bober/.gradle/wrapper/dists/gradle-2.4-all/6r4uqcc6ovnq6ac6s0txzcpc0/gradle-2.4/lib/plugins/maven-repository-metadata-2.2.1.jar
7f42c8713000-7f42c8715000 r--s 0000f000 08:06 12327354                   /home/bober/.gradle/wrapper/dists/gradle-2.4-all/6r4uqcc6ovnq6ac6s0txzcpc0/gradle-2.4/lib/plugins/maven-artifact-manager-2.2.1.jar
7f42c8715000-7f42c8718000 r--s 00011000 08:06 12327353                   /home/bober/.gradle/wrapper/dists/gradle-2.4-all/6r4uqcc6ovnq6ac6s0txzcpc0/gradle-2.4/lib/plugins/maven-artifact-2.2.1.jar
7f42c8718000-7f42c871a000 r--s 0000b000 08:06 12327352                   /home/bober/.gradle/wrapper/dists/gradle-2.4-all/6r4uqcc6ovnq6ac6s0txzcpc0/gradle-2.4/lib/plugins/plexus-interpolation-1.11.jar
7f42c871a000-7f42c871e000 r--s 00034000 08:06 12327351                   /home/bober/.gradle/wrapper/dists/gradle-2.4-all/6r4uqcc6ovnq6ac6s0txzcpc0/gradle-2.4/lib/plugins/plexus-utils-1.5.15.jar
7f42c871e000-7f42c8725000 r--s 00029000 08:06 12327350                   /home/bober/.gradle/wrapper/dists/gradle-2.4-all/6r4uqcc6ovnq6ac6s0txzcpc0/gradle-2.4/lib/plugins/plexus-container-default-1.0-alpha-9-stable-1.jar
7f42c8725000-7f42c8727000 r--s 00008000 08:06 12327349                   /home/bober/.gradle/wrapper/dists/gradle-2.4-all/6r4uqcc6ovnq6ac6s0txzcpc0/gradle-2.4/lib/plugins/classworlds-1.1-alpha-2.jar
7f42c8727000-7f42c872c000 r--s 00023000 08:06 12327305                   /home/bober/.gradle/wrapper/dists/gradle-2.4-all/6r4uqcc6ovnq6ac6s0txzcpc0/gradle-2.4/lib/plugins/gradle-maven-2.4.jar
7f42c872c000-7f42c8744000 r--s 0013b000 08:06 12327348                   /home/bober/.gradle/wrapper/dists/gradle-2.4-all/6r4uqcc6ovnq6ac6s0txzcpc0/gradle-2.4/lib/plugins/bndlib-2.1.0.jar
7f42c8744000-7f42c8746000 r--s 00004000 08:06 12327304                   /home/bober/.gradle/wrapper/dists/gradle-2.4-all/6r4uqcc6ovnq6ac6s0txzcpc0/gradle-2.4/lib/plugins/gradle-osgi-2.4.jar
7f42c8746000-7f42c8748000 r--s 00007000 08:06 12327303                   /home/bober/.gradle/wrapper/dists/gradle-2.4-all/6r4uqcc6ovnq6ac6s0txzcpc0/gradle-2.4/lib/plugins/gradle-antlr-2.4.jar
7f42c8748000-7f42c874b000 r--s 0001e000 08:06 12327390                   /home/bober/.gradle/wrapper/dists/gradle-2.4-all/6r4uqcc6ovnq6ac6s0txzcpc0/gradle-2.4/lib/plugins/jsp-api-2.1-6.1.14.jar
7f42c874b000-7f42c876e000 r--s 00344000 08:06 12327389                   /home/bober/.gradle/wrapper/dists/gradle-2.4-all/6r4uqcc6ovnq6ac6s0txzcpc0/gradle-2.4/lib/plugins/core-3.1.1.jar
7f42c876e000-7f42c876f000 r--s 00006000 08:06 12327388                   /home/bober/.gradle/wrapper/dists/gradle-2.4-all/6r4uqcc6ovnq6ac6s0txzcpc0/gradle-2.4/lib/plugins/jetty-naming-6.1.25.jar
7f42c876f000-7f42c8770000 r--s 00002000 08:06 12327347                   /home/bober/.gradle/wrapper/dists/gradle-2.4-all/6r4uqcc6ovnq6ac6s0txzcpc0/gradle-2.4/lib/plugins/geronimo-annotation_1.0_spec-1.0.jar
7f42c8770000-7f42c8772000 r--s 00002000 08:06 12327346                   /home/bober/.gradle/wrapper/dists/gradle-2.4-all/6r4uqcc6ovnq6ac6s0txzcpc0/gradle-2.4/lib/plugins/jetty-annotations-6.1.25.jar
7f42c8772000-7f42c8783000 r--s 000ea000 08:06 12327345                   /home/bober/.gradle/wrapper/dists/gradle-2.4-all/6r4uqcc6ovnq6ac6s0txzcpc0/gradle-2.4/lib/plugins/jsp-2.1-6.1.14.jar
7f42c8783000-7f42c8785000 r--s 0000d000 08:06 12327344                   /home/bober/.gradle/wrapper/dists/gradle-2.4-all/6r4uqcc6ovnq6ac6s0txzcpc0/gradle-2.4/lib/plugins/jetty-plus-6.1.25.jar
7f42c8785000-7f42c8787000 r--s 0001f000 08:06 12327343                   /home/bober/.gradle/wrapper/dists/gradle-2.4-all/6r4uqcc6ovnq6ac6s0txzcpc0/gradle-2.4/lib/plugins/servlet-api-2.5-20081211.jar
7f42c8787000-7f42c878b000 r--s 00028000 08:06 12327342                   /home/bober/.gradle/wrapper/dists/gradle-2.4-all/6r4uqcc6ovnq6ac6s0txzcpc0/gradle-2.4/lib/plugins/jetty-util-6.1.25.jar
7f42c878b000-7f42c8792000 r--s 0007d000 08:06 12327341                   /home/bober/.gradle/wrapper/dists/gradle-2.4-all/6r4uqcc6ovnq6ac6s0txzcpc0/gradle-2.4/lib/plugins/jetty-6.1.25.jar
7f42c8792000-7f42c8794000 r--s 00009000 08:06 12327302                   /home/bober/.gradle/wrapper/dists/gradle-2.4-all/6r4uqcc6ovnq6ac6s0txzcpc0/gradle-2.4/lib/plugins/gradle-jetty-2.4.jar
7f42c8794000-7f42c879a000 r--s 00041000 08:06 12327301                   /home/bober/.gradle/wrapper/dists/gradle-2.4-all/6r4uqcc6ovnq6ac6s0txzcpc0/gradle-2.4/lib/plugins/gradle-code-quality-2.4.jar
7f42c879a000-7f42c879c000 r--s 00009000 08:06 12327396                   /home/bober/.gradle/wrapper/dists/gradle-2.4-all/6r4uqcc6ovnq6ac6s0txzcpc0/gradle-2.4/lib/plugins/hamcrest-core-1.3.jar
7f42c879c000-7f42c87a2000 r--s 00033000 08:06 12327387                   /home/bober/.gradle/wrapper/dists/gradle-2.4-all/6r4uqcc6ovnq6ac6s0txzcpc0/gradle-2.4/lib/plugins/snakeyaml-1.6.jar
7f42c87a2000-7f42c87a4000 r--s 00006000 08:06 12327386                   /home/bober/.gradle/wrapper/dists/gradle-2.4-all/6r4uqcc6ovnq6ac6s0txzcpc0/gradle-2.4/lib/plugins/jcommander-1.12.jar
7f42c87a4000-7f42c87a9000 r--s 00040000 08:06 12327385                   /home/bober/.gradle/wrapper/dists/gradle-2.4-all/6r4uqcc6ovnq6ac6s0txzcpc0/gradle-2.4/lib/plugins/bsh-2.0b4.jar
7f42c87a9000-7f42c87ab000 r--s 00009000 08:06 12327340                   /home/bober/.gradle/wrapper/dists/gradle-2.4-all/6r4uqcc6ovnq6ac6s0txzcpc0/gradle-2.4/lib/plugins/commons-cli-1.2.jar
7f42c87ab000-7f42c87b4000 r--s 00089000 08:06 12327339                   /home/bober/.gradle/wrapper/dists/gradle-2.4-all/6r4uqcc6ovnq6ac6s0txzcpc0/gradle-2.4/lib/plugins/testng-6.3.1.jar
7f42c87b4000-7f42c87bc000 r--s 00045000 08:06 12327338                   /home/bober/.gradle/wrapper/dists/gradle-2.4-all/6r4uqcc6ovnq6ac6s0txzcpc0/gradle-2.4/lib/plugins/junit-4.12.jar
7f42c87bc000-7f42c87c9000 r--s 0007a000 08:06 12327300                   /home/bober/.gradle/wrapper/dists/gradle-2.4-all/6r4uqcc6ovnq6ac6s0txzcpc0/gradle-2.4/lib/plugins/gradle-plugins-2.4.jar
7f42c87c9000-7f42c87e1000 r--s 00115000 08:06 12327394                   /home/bober/.gradle/wrapper/dists/gradle-2.4-all/6r4uqcc6ovnq6ac6s0txzcpc0/gradle-2.4/lib/plugins/xercesImpl-2.9.1.jar
7f42c87e1000-7f42c87e9000 r--s 00028000 08:06 12327395                   /home/bober/.gradle/wrapper/dists/gradle-2.4-all/6r4uqcc6ovnq6ac6s0txzcpc0/gradle-2.4/lib/plugins/xml-apis-1.3.04.jar
7f42c87e9000-7f42c87ef000 r--s 0005b000 08:06 12327393                   /home/bober/.gradle/wrapper/dists/gradle-2.4-all/6r4uqcc6ovnq6ac6s0txzcpc0/gradle-2.4/lib/plugins/jcifs-1.3.17.jar
7f42c87ef000-7f42c87f5000 r--s 00031000 08:06 12327392                   /home/bober/.gradle/wrapper/dists/gradle-2.4-all/6r4uqcc6ovnq6ac6s0txzcpc0/gradle-2.4/lib/plugins/httpcore-4.2.2.jar
7f42c87f5000-7f42c87fb000 r--s 00033000 08:06 12327391                   /home/bober/.gradle/wrapper/dists/gradle-2.4-all/6r4uqcc6ovnq6ac6s0txzcpc0/gradle-2.4/lib/plugins/commons-codec-1.6.jar
7f42c87fb000-7f42c87fe000 r--s 0001c000 08:06 12327373                   /home/bober/.gradle/wrapper/dists/gradle-2.4-all/6r4uqcc6ovnq6ac6s0txzcpc0/gradle-2.4/lib/plugins/nekohtml-1.9.14.jar
7f42c87fe000-7f42c8807000 r--s 00060000 08:06 12327372                   /home/bober/.gradle/wrapper/dists/gradle-2.4-all/6r4uqcc6ovnq6ac6s0txzcpc0/gradle-2.4/lib/plugins/httpclient-4.2.2.jar
7f42c8807000-7f42c8809000 r--s 00007000 08:06 12327333                   /home/bober/.gradle/wrapper/dists/gradle-2.4-all/6r4uqcc6ovnq6ac6s0txzcpc0/gradle-2.4/lib/plugins/gradle-resources-http-2.4.jar
7f42c8809000-7f42c880c000 r--s 00010000 08:06 12327332                   /home/bober/.gradle/wrapper/dists/gradle-2.4-all/6r4uqcc6ovnq6ac6s0txzcpc0/gradle-2.4/lib/plugins/gradle-plugin-use-2.4.jar
7f42c880c000-7f42c8810000 r--s 0003d000 08:06 12327374                   /home/bober/.gradle/wrapper/dists/gradle-2.4-all/6r4uqcc6ovnq6ac6s0txzcpc0/gradle-2.4/lib/plugins/jsch-0.1.51.jar
7f42c8810000-7f42c8850000 r--s 00277000 08:06 12327384                   /home/bober/.gradle/wrapper/dists/gradle-2.4-all/6r4uqcc6ovnq6ac6s0txzcpc0/gradle-2.4/lib/plugins/bcprov-jdk15on-1.51.jar
7f42c8850000-7f42c8854000 r--s 0001d000 08:06 12327383                   /home/bober/.gradle/wrapper/dists/gradle-2.4-all/6r4uqcc6ovnq6ac6s0txzcpc0/gradle-2.4/lib/plugins/xbean-reflect-3.4.jar
7f42c8854000-7f42c8859000 r--s 0002a000 08:06 12327369                   /home/bober/.gradle/wrapper/dists/gradle-2.4-all/6r4uqcc6ovnq6ac6s0txzcpc0/gradle-2.4/lib/plugins/gson-2.2.4.jar
7f42c8859000-7f42c8868000 r--s 000d9000 08:06 12327382                   /home/bober/.gradle/wrapper/dists/gradle-2.4-all/6r4uqcc6ovnq6ac6s0txzcpc0/gradle-2.4/lib/plugins/ivy-2.2.0.jar
7f42c8868000-7f42c886c000 r--s 0001e000 08:06 12327299                   /home/bober/.gradle/wrapper/dists/gradle-2.4-all/6r4uqcc6ovnq6ac6s0txzcpc0/gradle-2.4/lib/plugins/jarjar-aether-impl-1.13.1.jar
7f42c886c000-7f42c886f000 r--s 00027000 08:06 12327298                   /home/bober/.gradle/wrapper/dists/gradle-2.4-all/6r4uqcc6ovnq6ac6s0txzcpc0/gradle-2.4/lib/plugins/jarjar-maven-model-3.0.4.jar
7f42c886f000-7f42c8872000 r--s 0000b000 08:06 12327297                   /home/bober/.gradle/wrapper/dists/gradle-2.4-all/6r4uqcc6ovnq6ac6s0txzcpc0/gradle-2.4/lib/plugins/jarjar-maven-artifact-3.0.4.jar
7f42c8872000-7f42c8876000 r--s 0001e000 08:06 12327296                   /home/bober/.gradle/wrapper/dists/gradle-2.4-all/6r4uqcc6ovnq6ac6s0txzcpc0/gradle-2.4/lib/plugins/jarjar-aether-util-1.13.1.jar
7f42c8876000-7f42c8878000 r--s 00007000 08:06 12327295                   /home/bober/.gradle/wrapper/dists/gradle-2.4-all/6r4uqcc6ovnq6ac6s0txzcpc0/gradle-2.4/lib/plugins/jarjar-wagon-http-shared4-2.4.jar
7f42c8878000-7f42c8885000 r--s 00083000 08:06 12327294                   /home/bober/.gradle/wrapper/dists/gradle-2.4-all/6r4uqcc6ovnq6ac6s0txzcpc0/gradle-2.4/lib/plugins/jarjar-maven-core-3.0.4.jar
7f42c8885000-7f42c8887000 r--s 00003000 08:06 12327293                   /home/bober/.gradle/wrapper/dists/gradle-2.4-all/6r4uqcc6ovnq6ac6s0txzcpc0/gradle-2.4/lib/plugins/jarjar-aether-spi-1.13.1.jar
7f42c8887000-7f42c8889000 r--s 00009000 08:06 12327292                   /home/bober/.gradle/wrapper/dists/gradle-2.4-all/6r4uqcc6ovnq6ac6s0txzcpc0/gradle-2.4/lib/plugins/jarjar-maven-settings-builder-3.0.4.jar
7f42c8889000-7f42c888d000 r--s 00014000 08:06 12327291                   /home/bober/.gradle/wrapper/dists/gradle-2.4-all/6r4uqcc6ovnq6ac6s0txzcpc0/gradle-2.4/lib/plugins/jarjar-aether-api-1.13.1.jar
7f42c888d000-7f42c8894000 r--s 00042000 08:06 12327289                   /home/bober/.gradle/wrapper/dists/gradle-2.4-all/6r4uqcc6ovnq6ac6s0txzcpc0/gradle-2.4/lib/plugins/jarjar-maven-compat-3.0.4.jar
7f42c8894000-7f42c8896000 r--s 00006000 08:06 12327288                   /home/bober/.gradle/wrapper/dists/gradle-2.4-all/6r4uqcc6ovnq6ac6s0txzcpc0/gradle-2.4/lib/plugins/jarjar-aether-connector-wagon-1.13.1.jar
7f42c8896000-7f42c8898000 r--s 00000000 08:06 12327287                   /home/bober/.gradle/wrapper/dists/gradle-2.4-all/6r4uqcc6ovnq6ac6s0txzcpc0/gradle-2.4/lib/plugins/jarjar-plexus-component-annotations-1.5.5.jar
7f42c8898000-7f42c889a000 r--s 00006000 08:06 12327286                   /home/bober/.gradle/wrapper/dists/gradle-2.4-all/6r4uqcc6ovnq6ac6s0txzcpc0/gradle-2.4/lib/plugins/jarjar-plexus-sec-dispatcher-1.3.jar
7f42c889a000-7f42c889f000 r--s 00022000 08:06 12327285                   /home/bober/.gradle/wrapper/dists/gradle-2.4-all/6r4uqcc6ovnq6ac6s0txzcpc0/gradle-2.4/lib/plugins/jarjar-maven-model-builder-3.0.4.jar
7f42c889f000-7f42c88a1000 r--s 0000b000 08:06 12327284                   /home/bober/.gradle/wrapper/dists/gradle-2.4-all/6r4uqcc6ovnq6ac6s0txzcpc0/gradle-2.4/lib/plugins/jarjar-maven-plugin-api-3.0.4.jar
7f42c88a1000-7f42c88a5000 r--s 00035000 08:06 12327282                   /home/bober/.gradle/wrapper/dists/gradle-2.4-all/6r4uqcc6ovnq6ac6s0txzcpc0/gradle-2.4/lib/plugins/jarjar-plexus-utils-2.0.6.jar
7f42c88a5000-7f42c88ad000 r--s 00031000 08:06 12327277                   /home/bober/.gradle/wrapper/dists/gradle-2.4-all/6r4uqcc6ovnq6ac6s0txzcpc0/gradle-2.4/lib/plugins/jarjar-plexus-container-default-1.5.5.jar
7f42c88ad000-7f42c88c3000 r-xp 00000000 08:06 8523952                    /lib/x86_64-linux-gnu/libgcc_s.so.1
7f42c88c3000-7f42c8ac2000 ---p 00016000 08:06 8523952                    /lib/x86_64-linux-gnu/libgcc_s.so.1
7f42c8ac2000-7f42c8ac3000 rw-p 00015000 08:06 8523952                    /lib/x86_64-linux-gnu/libgcc_s.so.1
7f42c8ac3000-7f42c8bb3000 r-xp 00000000 08:06 18752468                   /usr/lib/x86_64-linux-gnu/libstdc++.so.6.0.20
7f42c8bb3000-7f42c8db3000 ---p 000f0000 08:06 18752468                   /usr/lib/x86_64-linux-gnu/libstdc++.so.6.0.20
7f42c8db3000-7f42c8dbb000 r--p 000f0000 08:06 18752468                   /usr/lib/x86_64-linux-gnu/libstdc++.so.6.0.20
7f42c8dbb000-7f42c8dbd000 rw-p 000f8000 08:06 18752468                   /usr/lib/x86_64-linux-gnu/libstdc++.so.6.0.20
7f42c8dbd000-7f42c8dd2000 rw-p 00000000 00:00 0 
7f42c8dd2000-7f42c8dd6000 r-xp 00000000 08:06 11670116                   /home/bober/.gradle/native/19/linux-amd64/libnative-platform.so
7f42c8dd6000-7f42c8fd5000 ---p 00004000 08:06 11670116                   /home/bober/.gradle/native/19/linux-amd64/libnative-platform.so
7f42c8fd5000-7f42c8fd6000 rw-p 00003000 08:06 11670116                   /home/bober/.gradle/native/19/linux-amd64/libnative-platform.so
7f42c8fd6000-7f42c8fe6000 r-xp 00000000 08:06 524661                     /usr/lib/jvm/java-7-oracle/jre/lib/amd64/libnio.so
7f42c8fe6000-7f42c91e6000 ---p 00010000 08:06 524661                     /usr/lib/jvm/java-7-oracle/jre/lib/amd64/libnio.so
7f42c91e6000-7f42c91e7000 rw-p 00010000 08:06 524661                     /usr/lib/jvm/java-7-oracle/jre/lib/amd64/libnio.so
7f42c91e7000-7f42c94e8000 rw-p 00000000 00:00 0 
7f42c94e8000-7f42c94ff000 r-xp 00000000 08:06 525427                     /usr/lib/jvm/java-7-oracle/jre/lib/amd64/libnet.so
7f42c94ff000-7f42c96fe000 ---p 00017000 08:06 525427                     /usr/lib/jvm/java-7-oracle/jre/lib/amd64/libnet.so
7f42c96fe000-7f42c96ff000 rw-p 00016000 08:06 525427                     /usr/lib/jvm/java-7-oracle/jre/lib/amd64/libnet.so
7f42c96ff000-7f42c9700000 ---p 00000000 00:00 0 
7f42c9700000-7f42cc000000 rw-p 00000000 00:00 0                          [stack:27830]
7f42cc000000-7f42cc027000 rw-p 00000000 00:00 0 
7f42cc027000-7f42d0000000 ---p 00000000 00:00 0 
7f42d0000000-7f42d0003000 r--s 0000a000 08:06 12327283                   /home/bober/.gradle/wrapper/dists/gradle-2.4-all/6r4uqcc6ovnq6ac6s0txzcpc0/gradle-2.4/lib/plugins/jarjar-plexus-classworlds-2.4.jar
7f42d0003000-7f42d0005000 r--s 0000e000 08:06 12327281                   /home/bober/.gradle/wrapper/dists/gradle-2.4-all/6r4uqcc6ovnq6ac6s0txzcpc0/gradle-2.4/lib/plugins/jarjar-plexus-interpolation-1.14.jar
7f42d0005000-7f42d0007000 r--s 00002000 08:06 12327280                   /home/bober/.gradle/wrapper/dists/gradle-2.4-all/6r4uqcc6ovnq6ac6s0txzcpc0/gradle-2.4/lib/plugins/jarjar-plexus-cipher-1.7.jar
7f42d0007000-7f42d0021000 r--s 000c0000 08:06 12327337                   /home/bober/.gradle/wrapper/dists/gradle-2.4-all/6r4uqcc6ovnq6ac6s0txzcpc0/gradle-2.4/lib/plugins/gradle-dependency-management-2.4.jar
7f42d0021000-7f42d002b000 r--s 00032000 08:06 12327233                   /home/bober/.gradle/wrapper/dists/gradle-2.4-all/6r4uqcc6ovnq6ac6s0txzcpc0/gradle-2.4/lib/gradle-tooling-api-2.4.jar
7f42d002b000-7f42d0097000 r--s 00689000 08:06 12327238                   /home/bober/.gradle/wrapper/dists/gradle-2.4-all/6r4uqcc6ovnq6ac6s0txzcpc0/gradle-2.4/lib/groovy-all-2.3.10.jar
7f42d0097000-7f42d009a000 ---p 00000000 00:00 0 
7f42d009a000-7f42d0198000 rw-p 00000000 00:00 0                          [stack:27829]
7f42d0198000-7f42d019b000 ---p 00000000 00:00 0 
7f42d019b000-7f42d0299000 rw-p 00000000 00:00 0                          [stack:27828]
7f42d0299000-7f42d029c000 ---p 00000000 00:00 0 
7f42d029c000-7f42d039a000 rw-p 00000000 00:00 0                          [stack:27827]
7f42d039a000-7f42d039f000 r-xp 00000000 08:06 18751487                   /usr/lib/x86_64-linux-gnu/libXdmcp.so.6.0.0
7f42d039f000-7f42d059e000 ---p 00005000 08:06 18751487                   /usr/lib/x86_64-linux-gnu/libXdmcp.so.6.0.0
7f42d059e000-7f42d059f000 r--p 00004000 08:06 18751487                   /usr/lib/x86_64-linux-gnu/libXdmcp.so.6.0.0
7f42d059f000-7f42d05a0000 rw-p 00005000 08:06 18751487                   /usr/lib/x86_64-linux-gnu/libXdmcp.so.6.0.0
7f42d05a0000-7f42d05a2000 r-xp 00000000 08:06 18751476                   /usr/lib/x86_64-linux-gnu/libXau.so.6.0.0
7f42d05a2000-7f42d07a2000 ---p 00002000 08:06 18751476                   /usr/lib/x86_64-linux-gnu/libXau.so.6.0.0
7f42d07a2000-7f42d07a3000 r--p 00002000 08:06 18751476                   /usr/lib/x86_64-linux-gnu/libXau.so.6.0.0
7f42d07a3000-7f42d07a4000 rw-p 00003000 08:06 18751476                   /usr/lib/x86_64-linux-gnu/libXau.so.6.0.0
7f42d07a4000-7f42d07c1000 r-xp 00000000 08:06 18752674                   /usr/lib/x86_64-linux-gnu/libxcb.so.1.1.0
7f42d07c1000-7f42d09c1000 ---p 0001d000 08:06 18752674                   /usr/lib/x86_64-linux-gnu/libxcb.so.1.1.0
7f42d09c1000-7f42d09c2000 r--p 0001d000 08:06 18752674                   /usr/lib/x86_64-linux-gnu/libxcb.so.1.1.0
7f42d09c2000-7f42d09c3000 rw-p 0001e000 08:06 18752674                   /usr/lib/x86_64-linux-gnu/libxcb.so.1.1.0
7f42d09c3000-7f42d0af6000 r-xp 00000000 08:06 18751472                   /usr/lib/x86_64-linux-gnu/libX11.so.6.3.0
7f42d0af6000-7f42d0cf6000 ---p 00133000 08:06 18751472                   /usr/lib/x86_64-linux-gnu/libX11.so.6.3.0
7f42d0cf6000-7f42d0cf7000 r--p 00133000 08:06 18751472                   /usr/lib/x86_64-linux-gnu/libX11.so.6.3.0
7f42d0cf7000-7f42d0cfb000 rw-p 00134000 08:06 18751472                   /usr/lib/x86_64-linux-gnu/libX11.so.6.3.0
7f42d0cfb000-7f42d0cfc000 rw-p 00000000 00:00 0 
7f42d0cfc000-7f42d0cfe000 r-xp 00000000 08:06 18748830                   /usr/lib/jayatana/libjayatanaag.so
7f42d0cfe000-7f42d0efd000 ---p 00002000 08:06 18748830                   /usr/lib/jayatana/libjayatanaag.so
7f42d0efd000-7f42d0efe000 r--p 00001000 08:06 18748830                   /usr/lib/jayatana/libjayatanaag.so
7f42d0efe000-7f42d0eff000 rw-p 00002000 08:06 18748830                   /usr/lib/jayatana/libjayatanaag.so
7f42d0eff000-7f42d0f02000 ---p 00000000 00:00 0 
7f42d0f02000-7f42d1000000 rw-p 00000000 00:00 0                          [stack:27826]
7f42d1000000-7f42d1710000 rwxp 00000000 00:00 0 
7f42d1710000-7f42d4c84000 rw-p 00000000 00:00 0 
7f42d4c84000-7f42d8000000 ---p 00000000 00:00 0 
7f42d8000000-7f42d8001000 r--s 00002000 08:06 12327290                   /home/bober/.gradle/wrapper/dists/gradle-2.4-all/6r4uqcc6ovnq6ac6s0txzcpc0/gradle-2.4/lib/plugins/jarjar-wagon-http-2.4.jar
7f42d8001000-7f42d8003000 r--s 0000c000 08:06 12327279                   /home/bober/.gradle/wrapper/dists/gradle-2.4-all/6r4uqcc6ovnq6ac6s0txzcpc0/gradle-2.4/lib/plugins/jarjar-wagon-provider-api-2.4.jar
7f42d8003000-7f42d8005000 r--s 0000d000 08:06 12327278                   /home/bober/.gradle/wrapper/dists/gradle-2.4-all/6r4uqcc6ovnq6ac6s0txzcpc0/gradle-2.4/lib/plugins/jarjar-maven-aether-provider-3.0.4.jar
7f42d8005000-7f42d8006000 r--s 00007000 08:06 12327276                   /home/bober/.gradle/wrapper/dists/gradle-2.4-all/6r4uqcc6ovnq6ac6s0txzcpc0/gradle-2.4/lib/plugins/jarjar-maven-repository-metadata-3.0.4.jar
7f42d8006000-7f42d8007000 r--s 0000b000 08:06 12327275                   /home/bober/.gradle/wrapper/dists/gradle-2.4-all/6r4uqcc6ovnq6ac6s0txzcpc0/gradle-2.4/lib/plugins/jarjar-maven-settings-3.0.4.jar
7f42d8007000-7f42d8009000 r--s 00005000 08:06 12327228                   /home/bober/.gradle/wrapper/dists/gradle-2.4-all/6r4uqcc6ovnq6ac6s0txzcpc0/gradle-2.4/lib/gradle-wrapper-2.4.jar
7f42d8009000-7f42d800b000 r--s 00002000 08:06 12327255                   /home/bober/.gradle/wrapper/dists/gradle-2.4-all/6r4uqcc6ovnq6ac6s0txzcpc0/gradle-2.4/lib/gradle-open-api-2.4.jar
7f42d800b000-7f42d8011000 r--s 00032000 08:06 12327257                   /home/bober/.gradle/wrapper/dists/gradle-2.4-all/6r4uqcc6ovnq6ac6s0txzcpc0/gradle-2.4/lib/jaxen-1.1.jar
7f42d8011000-7f42d8016000 r--s 00048000 08:06 12327256                   /home/bober/.gradle/wrapper/dists/gradle-2.4-all/6r4uqcc6ovnq6ac6s0txzcpc0/gradle-2.4/lib/dom4j-1.6.1.jar
7f42d8016000-7f42d8021000 r--s 00059000 08:06 12327232                   /home/bober/.gradle/wrapper/dists/gradle-2.4-all/6r4uqcc6ovnq6ac6s0txzcpc0/gradle-2.4/lib/gradle-ui-2.4.jar
7f42d8021000-7f42d8023000 r--s 00008000 08:06 12327251                   /home/bober/.gradle/wrapper/dists/gradle-2.4-all/6r4uqcc6ovnq6ac6s0txzcpc0/gradle-2.4/lib/gradle-resources-2.4.jar
7f42d8023000-7f42d8025000 r--s 00007000 08:06 12327273                   /home/bober/.gradle/wrapper/dists/gradle-2.4-all/6r4uqcc6ovnq6ac6s0txzcpc0/gradle-2.4/lib/objenesis-1.2.jar
7f42d8025000-7f42d8027000 r--s 00000000 08:06 12327272                   /home/bober/.gradle/wrapper/dists/gradle-2.4-all/6r4uqcc6ovnq6ac6s0txzcpc0/gradle-2.4/lib/minlog-1.2.jar
7f42d8027000-7f42d8029000 r--s 0000f000 08:06 12327271                   /home/bober/.gradle/wrapper/dists/gradle-2.4-all/6r4uqcc6ovnq6ac6s0txzcpc0/gradle-2.4/lib/reflectasm-1.07-shaded.jar
7f42d8029000-7f42d802d000 r--s 00026000 08:06 12327262                   /home/bober/.gradle/wrapper/dists/gradle-2.4-all/6r4uqcc6ovnq6ac6s0txzcpc0/gradle-2.4/lib/kryo-2.20.jar
7f42d802d000-7f42d8036000 r--s 0003c000 08:06 12327250                   /home/bober/.gradle/wrapper/dists/gradle-2.4-all/6r4uqcc6ovnq6ac6s0txzcpc0/gradle-2.4/lib/gradle-messaging-2.4.jar
7f42d8036000-7f42d8037000 r--s 00003000 08:06 12327270                   /home/bober/.gradle/wrapper/dists/gradle-2.4-all/6r4uqcc6ovnq6ac6s0txzcpc0/gradle-2.4/lib/native-platform-freebsd-amd64-0.10.jar
7f42d8037000-7f42d8038000 r--s 00003000 08:06 12327269                   /home/bober/.gradle/wrapper/dists/gradle-2.4-all/6r4uqcc6ovnq6ac6s0txzcpc0/gradle-2.4/lib/native-platform-freebsd-i386-0.10.jar
7f42d8038000-7f42d8039000 r--s 00005000 08:06 12327268                   /home/bober/.gradle/wrapper/dists/gradle-2.4-all/6r4uqcc6ovnq6ac6s0txzcpc0/gradle-2.4/lib/native-platform-windows-i386-0.10.jar
7f42d8039000-7f42d803a000 r--s 00005000 08:06 12327267                   /home/bober/.gradle/wrapper/dists/gradle-2.4-all/6r4uqcc6ovnq6ac6s0txzcpc0/gradle-2.4/lib/native-platform-windows-amd64-0.10.jar
7f42d803a000-7f42d803b000 r--s 00003000 08:06 12327266                   /home/bober/.gradle/wrapper/dists/gradle-2.4-all/6r4uqcc6ovnq6ac6s0txzcpc0/gradle-2.4/lib/native-platform-linux-i386-0.10.jar
7f42d803b000-7f42d803c000 r--s 00003000 08:06 12327265                   /home/bober/.gradle/wrapper/dists/gradle-2.4-all/6r4uqcc6ovnq6ac6s0txzcpc0/gradle-2.4/lib/native-platform-linux-amd64-0.10.jar
7f42d803c000-7f42d803d000 r--s 00002000 08:06 12327264                   /home/bober/.gradle/wrapper/dists/gradle-2.4-all/6r4uqcc6ovnq6ac6s0txzcpc0/gradle-2.4/lib/native-platform-osx-amd64-0.10.jar
7f42d803d000-7f42d803e000 r--s 00002000 08:06 12327263                   /home/bober/.gradle/wrapper/dists/gradle-2.4-all/6r4uqcc6ovnq6ac6s0txzcpc0/gradle-2.4/lib/native-platform-osx-i386-0.10.jar
7f42d803e000-7f42d8040000 r--s 00008000 08:06 12327260                   /home/bober/.gradle/wrapper/dists/gradle-2.4-all/6r4uqcc6ovnq6ac6s0txzcpc0/gradle-2.4/lib/jansi-1.2.1.jar
7f42d8040000-7f42d8043000 r--s 0000d000 08:06 12327259                   /home/bober/.gradle/wrapper/dists/gradle-2.4-all/6r4uqcc6ovnq6ac6s0txzcpc0/gradle-2.4/lib/native-platform-0.10.jar
7f42d8043000-7f42d8047000 r--s 000e4000 08:06 12327258                   /home/bober/.gradle/wrapper/dists/gradle-2.4-all/6r4uqcc6ovnq6ac6s0txzcpc0/gradle-2.4/lib/jna-3.2.7.jar
7f42d8047000-7f42d8049000 r--s 00008000 08:06 12327234                   /home/bober/.gradle/wrapper/dists/gradle-2.4-all/6r4uqcc6ovnq6ac6s0txzcpc0/gradle-2.4/lib/gradle-native-2.4.jar
7f42d8049000-7f42d804b000 r--s 00005000 08:06 12327231                   /home/bober/.gradle/wrapper/dists/gradle-2.4-all/6r4uqcc6ovnq6ac6s0txzcpc0/gradle-2.4/lib/gradle-cli-2.4.jar
7f42d804b000-7f42d804d000 r--s 00005000 08:06 12327240                   /home/bober/.gradle/wrapper/dists/gradle-2.4-all/6r4uqcc6ovnq6ac6s0txzcpc0/gradle-2.4/lib/gradle-model-groovy-2.4.jar
7f42d804d000-7f42d8055000 r--s 00040000 08:06 12327239                   /home/bober/.gradle/wrapper/dists/gradle-2.4-all/6r4uqcc6ovnq6ac6s0txzcpc0/gradle-2.4/lib/gradle-model-core-2.4.jar
7f42d8055000-7f42d8063000 r--s 0007f000 08:06 12327243                   /home/bober/.gradle/wrapper/dists/gradle-2.4-all/6r4uqcc6ovnq6ac6s0txzcpc0/gradle-2.4/lib/commons-collections-3.2.1.jar
7f42d8063000-7f42d808b000 r--s 001cf000 08:06 12327236                   /home/bober/.gradle/wrapper/dists/gradle-2.4-all/6r4uqcc6ovnq6ac6s0txzcpc0/gradle-2.4/lib/guava-jdk5-17.0.jar
7f42d808b000-7f42d80a9000 r--s 001cf000 08:06 12327242                   /home/bober/.gradle/wrapper/dists/gradle-2.4-all/6r4uqcc6ovnq6ac6s0txzcpc0/gradle-2.4/lib/ant-1.9.4.jar
7f42d80a9000-7f42d80dd000 r--s 001a4000 08:06 12327230                   /home/bober/.gradle/wrapper/dists/gradle-2.4-all/6r4uqcc6ovnq6ac6s0txzcpc0/gradle-2.4/lib/gradle-core-2.4.jar
7f42d80dd000-7f42d88f0000 r--p 00000000 08:06 18750530                   /usr/lib/locale/locale-archive
7f42d88f0000-7f42d88f3000 ---p 00000000 00:00 0 
7f42d88f3000-7f42d89f1000 rw-p 00000000 00:00 0                          [stack:27825]
7f42d89f1000-7f42d89f4000 ---p 00000000 00:00 0 
7f42d89f4000-7f42d8af2000 rw-p 00000000 00:00 0                          [stack:27824]
7f42d8af2000-7f42d8af3000 ---p 00000000 00:00 0 
7f42d8af3000-7f42d9b4d000 rw-p 00000000 00:00 0                          [stack:27823]
7f42d9b4d000-7f42d9d0d000 r--s 039fb000 08:06 529418                     /usr/lib/jvm/java-7-oracle/jre/lib/rt.jar
7f42d9d0d000-7f42da077000 rw-p 00000000 00:00 0 
7f42da077000-7f42da078000 ---p 00000000 00:00 0 
7f42da078000-7f42da178000 rw-p 00000000 00:00 0                          [stack:27822]
7f42da178000-7f42da179000 ---p 00000000 00:00 0 
7f42da179000-7f42da279000 rw-p 00000000 00:00 0                          [stack:27821]
7f42da279000-7f42da27a000 ---p 00000000 00:00 0 
7f42da27a000-7f42da37a000 rw-p 00000000 00:00 0                          [stack:27820]
7f42da37a000-7f42da37b000 ---p 00000000 00:00 0 
7f42da37b000-7f42da4ad000 rw-p 00000000 00:00 0                          [stack:27818]
7f42da4ad000-7f42da4ae000 ---p 00000000 00:00 0 
7f42da4ae000-7f42da4fb000 rw-p 00000000 00:00 0 
7f42da4fb000-7f42da51a000 rw-p 00000000 00:00 0 
7f42da51a000-7f42da651000 rw-p 00000000 00:00 0 
7f42da651000-7f42da683000 rw-p 00000000 00:00 0 
7f42da683000-7f42da684000 ---p 00000000 00:00 0 
7f42da684000-7f42da6d1000 rw-p 00000000 00:00 0 
7f42da6d1000-7f42da6f0000 rw-p 00000000 00:00 0 
7f42da6f0000-7f42da826000 rw-p 00000000 00:00 0 
7f42da826000-7f42da8d0000 rw-p 00000000 00:00 0 
7f42da8d0000-7f42da8d1000 ---p 00000000 00:00 0 
7f42da8d1000-7f42da8d2000 rw-p 00000000 00:00 0 
7f42da8d2000-7f42da8e9000 r-xp 00000000 08:06 525422                     /usr/lib/jvm/java-7-oracle/jre/lib/amd64/libzip.so
7f42da8e9000-7f42daae9000 ---p 00017000 08:06 525422                     /usr/lib/jvm/java-7-oracle/jre/lib/amd64/libzip.so
7f42daae9000-7f42daaea000 rw-p 00017000 08:06 525422                     /usr/lib/jvm/java-7-oracle/jre/lib/amd64/libzip.so
7f42daaea000-7f42daaf6000 r-xp 00000000 08:06 8524009                    /lib/x86_64-linux-gnu/libnss_files-2.21.so
7f42daaf6000-7f42dacf5000 ---p 0000c000 08:06 8524009                    /lib/x86_64-linux-gnu/libnss_files-2.21.so
7f42dacf5000-7f42dacf6000 r--p 0000b000 08:06 8524009                    /lib/x86_64-linux-gnu/libnss_files-2.21.so
7f42dacf6000-7f42dacf7000 rw-p 0000c000 08:06 8524009                    /lib/x86_64-linux-gnu/libnss_files-2.21.so
7f42dacf7000-7f42dad02000 r-xp 00000000 08:06 8524019                    /lib/x86_64-linux-gnu/libnss_nis-2.21.so
7f42dad02000-7f42daf01000 ---p 0000b000 08:06 8524019                    /lib/x86_64-linux-gnu/libnss_nis-2.21.so
7f42daf01000-7f42daf02000 r--p 0000a000 08:06 8524019                    /lib/x86_64-linux-gnu/libnss_nis-2.21.so
7f42daf02000-7f42daf03000 rw-p 0000b000 08:06 8524019                    /lib/x86_64-linux-gnu/libnss_nis-2.21.so
7f42daf03000-7f42daf1a000 r-xp 00000000 08:06 8524003                    /lib/x86_64-linux-gnu/libnsl-2.21.so
7f42daf1a000-7f42db119000 ---p 00017000 08:06 8524003                    /lib/x86_64-linux-gnu/libnsl-2.21.so
7f42db119000-7f42db11a000 r--p 00016000 08:06 8524003                    /lib/x86_64-linux-gnu/libnsl-2.21.so
7f42db11a000-7f42db11b000 rw-p 00017000 08:06 8524003                    /lib/x86_64-linux-gnu/libnsl-2.21.so
7f42db11b000-7f42db11d000 rw-p 00000000 00:00 0 
7f42db11d000-7f42db125000 r-xp 00000000 08:06 8524005                    /lib/x86_64-linux-gnu/libnss_compat-2.21.so
7f42db125000-7f42db324000 ---p 00008000 08:06 8524005                    /lib/x86_64-linux-gnu/libnss_compat-2.21.so
7f42db324000-7f42db325000 r--p 00007000 08:06 8524005                    /lib/x86_64-linux-gnu/libnss_compat-2.21.so
7f42db325000-7f42db326000 rw-p 00008000 08:06 8524005                    /lib/x86_64-linux-gnu/libnss_compat-2.21.so
7f42db326000-7f42db330000 r-xp 00000000 08:06 525435                     /usr/lib/jvm/java-7-oracle/jre/lib/amd64/libinstrument.so
7f42db330000-7f42db52f000 ---p 0000a000 08:06 525435                     /usr/lib/jvm/java-7-oracle/jre/lib/amd64/libinstrument.so
7f42db52f000-7f42db530000 rw-p 00009000 08:06 525435                     /usr/lib/jvm/java-7-oracle/jre/lib/amd64/libinstrument.so
7f42db530000-7f42db559000 r-xp 00000000 08:06 524648                     /usr/lib/jvm/java-7-oracle/jre/lib/amd64/libjava.so
7f42db559000-7f42db759000 ---p 00029000 08:06 524648                     /usr/lib/jvm/java-7-oracle/jre/lib/amd64/libjava.so
7f42db759000-7f42db75b000 rw-p 00029000 08:06 524648                     /usr/lib/jvm/java-7-oracle/jre/lib/amd64/libjava.so
7f42db75b000-7f42db768000 r-xp 00000000 08:06 525415                     /usr/lib/jvm/java-7-oracle/jre/lib/amd64/libverify.so
7f42db768000-7f42db967000 ---p 0000d000 08:06 525415                     /usr/lib/jvm/java-7-oracle/jre/lib/amd64/libverify.so
7f42db967000-7f42db969000 rw-p 0000c000 08:06 525415                     /usr/lib/jvm/java-7-oracle/jre/lib/amd64/libverify.so
7f42db969000-7f42db970000 r-xp 00000000 08:06 8524064                    /lib/x86_64-linux-gnu/librt-2.21.so
7f42db970000-7f42dbb6f000 ---p 00007000 08:06 8524064                    /lib/x86_64-linux-gnu/librt-2.21.so
7f42dbb6f000-7f42dbb70000 r--p 00006000 08:06 8524064                    /lib/x86_64-linux-gnu/librt-2.21.so
7f42dbb70000-7f42dbb71000 rw-p 00007000 08:06 8524064                    /lib/x86_64-linux-gnu/librt-2.21.so
7f42dbb71000-7f42dbc78000 r-xp 00000000 08:06 8523982                    /lib/x86_64-linux-gnu/libm-2.21.so
7f42dbc78000-7f42dbe77000 ---p 00107000 08:06 8523982                    /lib/x86_64-linux-gnu/libm-2.21.so
7f42dbe77000-7f42dbe78000 r--p 00106000 08:06 8523982                    /lib/x86_64-linux-gnu/libm-2.21.so
7f42dbe78000-7f42dbe79000 rw-p 00107000 08:06 8523982                    /lib/x86_64-linux-gnu/libm-2.21.so
7f42dbe79000-7f42dc9ef000 r-xp 00000000 08:06 525442                     /usr/lib/jvm/java-7-oracle/jre/lib/amd64/server/libjvm.so
7f42dc9ef000-7f42dcbee000 ---p 00b76000 08:06 525442                     /usr/lib/jvm/java-7-oracle/jre/lib/amd64/server/libjvm.so
7f42dcbee000-7f42dccb2000 rw-p 00b75000 08:06 525442                     /usr/lib/jvm/java-7-oracle/jre/lib/amd64/server/libjvm.so
7f42dccb2000-7f42dccf3000 rw-p 00000000 00:00 0 
7f42dccf3000-7f42dceb3000 r-xp 00000000 08:06 8523923                    /lib/x86_64-linux-gnu/libc-2.21.so
7f42dceb3000-7f42dd0b3000 ---p 001c0000 08:06 8523923                    /lib/x86_64-linux-gnu/libc-2.21.so
7f42dd0b3000-7f42dd0b7000 r--p 001c0000 08:06 8523923                    /lib/x86_64-linux-gnu/libc-2.21.so
7f42dd0b7000-7f42dd0b9000 rw-p 001c4000 08:06 8523923                    /lib/x86_64-linux-gnu/libc-2.21.so
7f42dd0b9000-7f42dd0bd000 rw-p 00000000 00:00 0 
7f42dd0bd000-7f42dd0c0000 r-xp 00000000 08:06 8523940                    /lib/x86_64-linux-gnu/libdl-2.21.so
7f42dd0c0000-7f42dd2bf000 ---p 00003000 08:06 8523940                    /lib/x86_64-linux-gnu/libdl-2.21.so
7f42dd2bf000-7f42dd2c0000 r--p 00002000 08:06 8523940                    /lib/x86_64-linux-gnu/libdl-2.21.so
7f42dd2c0000-7f42dd2c1000 rw-p 00003000 08:06 8523940                    /lib/x86_64-linux-gnu/libdl-2.21.so
7f42dd2c1000-7f42dd2d6000 r-xp 00000000 08:06 919778                     /usr/lib/jvm/java-7-oracle/lib/amd64/jli/libjli.so
7f42dd2d6000-7f42dd4d5000 ---p 00015000 08:06 919778                     /usr/lib/jvm/java-7-oracle/lib/amd64/jli/libjli.so
7f42dd4d5000-7f42dd4d6000 rw-p 00014000 08:06 919778                     /usr/lib/jvm/java-7-oracle/lib/amd64/jli/libjli.so
7f42dd4d6000-7f42dd4ee000 r-xp 00000000 08:06 8524056                    /lib/x86_64-linux-gnu/libpthread-2.21.so
7f42dd4ee000-7f42dd6ee000 ---p 00018000 08:06 8524056                    /lib/x86_64-linux-gnu/libpthread-2.21.so
7f42dd6ee000-7f42dd6ef000 r--p 00018000 08:06 8524056                    /lib/x86_64-linux-gnu/libpthread-2.21.so
7f42dd6ef000-7f42dd6f0000 rw-p 00019000 08:06 8524056                    /lib/x86_64-linux-gnu/libpthread-2.21.so
7f42dd6f0000-7f42dd6f4000 rw-p 00000000 00:00 0 
7f42dd6f4000-7f42dd718000 r-xp 00000000 08:06 8523895                    /lib/x86_64-linux-gnu/ld-2.21.so
7f42dd718000-7f42dd719000 r--s 00004000 08:06 12327249                   /home/bober/.gradle/wrapper/dists/gradle-2.4-all/6r4uqcc6ovnq6ac6s0txzcpc0/gradle-2.4/lib/gradle-base-services-groovy-2.4.jar
7f42dd719000-7f42dd71a000 r--s 00000000 08:06 12327252                   /home/bober/.gradle/wrapper/dists/gradle-2.4-all/6r4uqcc6ovnq6ac6s0txzcpc0/gradle-2.4/lib/gradle-docs-2.4.jar
7f42dd71a000-7f42dd71c000 r--s 00003000 08:06 12327254                   /home/bober/.gradle/wrapper/dists/gradle-2.4-all/6r4uqcc6ovnq6ac6s0txzcpc0/gradle-2.4/lib/jcl-over-slf4j-1.7.10.jar
7f42dd71c000-7f42dd71d000 r--s 00005000 08:06 12327253                   /home/bober/.gradle/wrapper/dists/gradle-2.4-all/6r4uqcc6ovnq6ac6s0txzcpc0/gradle-2.4/lib/log4j-over-slf4j-1.7.10.jar
7f42dd71d000-7f42dd720000 r--s 0001b000 08:06 12327247                   /home/bober/.gradle/wrapper/dists/gradle-2.4-all/6r4uqcc6ovnq6ac6s0txzcpc0/gradle-2.4/lib/jarjar-1.3.jar
7f42dd720000-7f42dd722000 r--s 00000000 08:06 12327246                   /home/bober/.gradle/wrapper/dists/gradle-2.4-all/6r4uqcc6ovnq6ac6s0txzcpc0/gradle-2.4/lib/jul-to-slf4j-1.7.10.jar
7f42dd722000-7f42dd725000 r--s 00018000 08:06 12327244                   /home/bober/.gradle/wrapper/dists/gradle-2.4-all/6r4uqcc6ovnq6ac6s0txzcpc0/gradle-2.4/lib/commons-io-1.4.jar
7f42dd725000-7f42dd72a000 r--s 00036000 08:06 12327241                   /home/bober/.gradle/wrapper/dists/gradle-2.4-all/6r4uqcc6ovnq6ac6s0txzcpc0/gradle-2.4/lib/asm-all-5.0.3.jar
7f42dd72a000-7f42dd72f000 r--s 00041000 08:06 12327237                   /home/bober/.gradle/wrapper/dists/gradle-2.4-all/6r4uqcc6ovnq6ac6s0txzcpc0/gradle-2.4/lib/commons-lang-2.6.jar
7f42dd72f000-7f42dd74c000 rw-p 00000000 00:00 0 
7f42dd74c000-7f42dd7ef000 rw-p 00000000 00:00 0 
7f42dd7ef000-7f42dd7f2000 ---p 00000000 00:00 0 
7f42dd7f2000-7f42dd8f4000 rw-p 00000000 00:00 0                          [stack:27817]
7f42dd8f4000-7f42dd8f5000 r--s 00000000 08:06 12327248                   /home/bober/.gradle/wrapper/dists/gradle-2.4-all/6r4uqcc6ovnq6ac6s0txzcpc0/gradle-2.4/lib/javax.inject-1.jar
7f42dd8f5000-7f42dd8f6000 r--s 00000000 08:06 12327245                   /home/bober/.gradle/wrapper/dists/gradle-2.4-all/6r4uqcc6ovnq6ac6s0txzcpc0/gradle-2.4/lib/jcip-annotations-1.0.jar
7f42dd8f6000-7f42dd8f7000 r--s 00007000 08:06 12327235                   /home/bober/.gradle/wrapper/dists/gradle-2.4-all/6r4uqcc6ovnq6ac6s0txzcpc0/gradle-2.4/lib/slf4j-api-1.7.10.jar
7f42dd8f7000-7f42dd8f8000 r--s 00004000 08:06 12327261                   /home/bober/.gradle/wrapper/dists/gradle-2.4-all/6r4uqcc6ovnq6ac6s0txzcpc0/gradle-2.4/lib/ant-launcher-1.9.4.jar
7f42dd8f8000-7f42dd8fa000 r--s 00006000 08:06 402321                     /usr/share/java/jayatana.jar
7f42dd8fa000-7f42dd8fb000 r--s 00000000 08:06 402322                     /usr/share/java/jayatanaag.jar
7f42dd8fb000-7f42dd902000 r--s 00030000 08:06 12327229                   /home/bober/.gradle/wrapper/dists/gradle-2.4-all/6r4uqcc6ovnq6ac6s0txzcpc0/gradle-2.4/lib/gradle-base-services-2.4.jar
7f42dd902000-7f42dd90b000 r--s 00040000 08:06 12327227                   /home/bober/.gradle/wrapper/dists/gradle-2.4-all/6r4uqcc6ovnq6ac6s0txzcpc0/gradle-2.4/lib/gradle-launcher-2.4.jar
7f42dd90b000-7f42dd913000 rw-s 00000000 08:06 6045347                    /tmp/hsperfdata_bober/27815
7f42dd913000-7f42dd914000 rw-p 00000000 00:00 0 
7f42dd914000-7f42dd915000 r--p 00000000 00:00 0 
7f42dd915000-7f42dd917000 rw-p 00000000 00:00 0 
7f42dd917000-7f42dd918000 r--p 00023000 08:06 8523895                    /lib/x86_64-linux-gnu/ld-2.21.so
7f42dd918000-7f42dd919000 rw-p 00024000 08:06 8523895                    /lib/x86_64-linux-gnu/ld-2.21.so
7f42dd919000-7f42dd91a000 rw-p 00000000 00:00 0 
7fff0bcd8000-7fff0bcf9000 rw-p 00000000 00:00 0                          [stack]
7fff0bddc000-7fff0bdde000 r--p 00000000 00:00 0                          [vvar]
7fff0bdde000-7fff0bde0000 r-xp 00000000 00:00 0                          [vdso]
ffffffffff600000-ffffffffff601000 r-xp 00000000 00:00 0                  [vsyscall]

VM Arguments:
jvm_args: -javaagent:/usr/share/java/jayatanaag.jar -XX:MaxPermSize=256m -XX:+HeapDumpOnOutOfMemoryError -Xmx1024m -Dfile.encoding=UTF-8 -Duser.country=PL -Duser.language=pl -Duser.variant 
java_command: org.gradle.launcher.daemon.bootstrap.GradleDaemon 2.4 /home/bober/.gradle /home/bober/.gradle/daemon 10800000 e1ad88e3-3288-472e-bd61-6b14fdd66276 -XX:MaxPermSize=256m -XX:+HeapDumpOnOutOfMemoryError -Xmx1024m -Dfile.encoding=UTF-8 -Duser.country=PL -Duser.language=pl -Duser.variant
Launcher Type: SUN_STANDARD

Environment Variables:
JAVA_TOOL_OPTIONS=-javaagent:/usr/share/java/jayatanaag.jar 
PATH=/usr/local/sbin:/usr/local/bin:/usr/sbin:/usr/bin:/sbin:/bin:/usr/games:/usr/local/games
LD_LIBRARY_PATH=/home/bober/android-studio/bin:
SHELL=/bin/bash
DISPLAY=:0

Signal Handlers:
SIGSEGV: [libjvm.so+0x9a3b20], sa_mask[0]=0x7ffbfeff, sa_flags=0x10000004
SIGBUS: [libjvm.so+0x9a3b20], sa_mask[0]=0x7ffbfeff, sa_flags=0x10000004
SIGFPE: [libjvm.so+0x81e740], sa_mask[0]=0x7ffbfeff, sa_flags=0x10000004
SIGPIPE: [libjvm.so+0x81e740], sa_mask[0]=0x7ffbfeff, sa_flags=0x10000004
SIGXFSZ: [libjvm.so+0x81e740], sa_mask[0]=0x7ffbfeff, sa_flags=0x10000004
SIGILL: [libjvm.so+0x81e740], sa_mask[0]=0x7ffbfeff, sa_flags=0x10000004
SIGUSR1: SIG_DFL, sa_mask[0]=0x00000000, sa_flags=0x00000000
SIGUSR2: [libjvm.so+0x81ffb0], sa_mask[0]=0x00000004, sa_flags=0x10000004
SIGHUP: [libjvm.so+0x8210d0], sa_mask[0]=0x7ffbfeff, sa_flags=0x10000004
SIGINT: [libjvm.so+0x8210d0], sa_mask[0]=0x7ffbfeff, sa_flags=0x10000004
SIGTERM: [libjvm.so+0x8210d0], sa_mask[0]=0x7ffbfeff, sa_flags=0x10000004
SIGQUIT: [libjvm.so+0x8210d0], sa_mask[0]=0x7ffbfeff, sa_flags=0x10000004


---------------  S Y S T E M  ---------------

OS:jessie/sid

uname:Linux 3.19.0-26-generic #28-Ubuntu SMP Tue Aug 11 14:16:32 UTC 2015 x86_64
libc:glibc 2.21 NPTL 2.21 
rlimit: STACK 8192k, CORE 0k, NPROC 23195, NOFILE 65536, AS infinity
load average:0,68 1,04 1,22

/proc/meminfo:
MemTotal:        5960392 kB
MemFree:          815716 kB
MemAvailable:    2982260 kB
Buffers:          501968 kB
Cached:          1614600 kB
SwapCached:            0 kB
Active:          3928656 kB
Inactive:         769712 kB
Active(anon):    2582864 kB
Inactive(anon):    20460 kB
Active(file):    1345792 kB
Inactive(file):   749252 kB
Unevictable:          32 kB
Mlocked:              32 kB
SwapTotal:       6138876 kB
SwapFree:        6138876 kB
Dirty:             71304 kB
Writeback:             0 kB
AnonPages:       2581868 kB
Mapped:           286812 kB
Shmem:             21564 kB
Slab:             357444 kB
SReclaimable:     324916 kB
SUnreclaim:        32528 kB
KernelStack:        8080 kB
PageTables:        31588 kB
NFS_Unstable:          0 kB
Bounce:                0 kB
WritebackTmp:          0 kB
CommitLimit:     9119072 kB
Committed_AS:    5797588 kB
VmallocTotal:   34359738367 kB
VmallocUsed:      297432 kB
VmallocChunk:   34359437372 kB
HardwareCorrupted:     0 kB
AnonHugePages:   1542144 kB
CmaTotal:              0 kB
CmaFree:               0 kB
HugePages_Total:       0
HugePages_Free:        0
HugePages_Rsvd:        0
HugePages_Surp:        0
Hugepagesize:       2048 kB
DirectMap4k:      187332 kB
DirectMap2M:     5953536 kB


CPU:total 4 (2 cores per cpu, 2 threads per core) family 6 model 37 stepping 5, cmov, cx8, fxsr, mmx, sse, sse2, sse3, ssse3, sse4.1, sse4.2, popcnt, ht, tsc, tscinvbit

/proc/cpuinfo:
processor	: 0
vendor_id	: GenuineIntel
cpu family	: 6
model		: 37
model name	: Intel(R) Core(TM) i5 CPU       M 480  @ 2.67GHz
stepping	: 5
microcode	: 0x4
cpu MHz		: 2667.000
cache size	: 3072 KB
physical id	: 0
siblings	: 4
core id		: 0
cpu cores	: 2
apicid		: 0
initial apicid	: 0
fpu		: yes
fpu_exception	: yes
cpuid level	: 11
wp		: yes
flags		: fpu vme de pse tsc msr pae mce cx8 apic sep mtrr pge mca cmov pat pse36 clflush dts acpi mmx fxsr sse sse2 ss ht tm pbe syscall nx rdtscp lm constant_tsc arch_perfmon pebs bts rep_good nopl xtopology nonstop_tsc aperfmperf pni dtes64 monitor ds_cpl vmx est tm2 ssse3 cx16 xtpr pdcm pcid sse4_1 sse4_2 popcnt lahf_lm ida arat dtherm tpr_shadow vnmi flexpriority ept vpid
bugs		:
bogomips	: 5319.72
clflush size	: 64
cache_alignment	: 64
address sizes	: 36 bits physical, 48 bits virtual
power management:

processor	: 1
vendor_id	: GenuineIntel
cpu family	: 6
model		: 37
model name	: Intel(R) Core(TM) i5 CPU       M 480  @ 2.67GHz
stepping	: 5
microcode	: 0x4
cpu MHz		: 2667.000
cache size	: 3072 KB
physical id	: 0
siblings	: 4
core id		: 2
cpu cores	: 2
apicid		: 4
initial apicid	: 4
fpu		: yes
fpu_exception	: yes
cpuid level	: 11
wp		: yes
flags		: fpu vme de pse tsc msr pae mce cx8 apic sep mtrr pge mca cmov pat pse36 clflush dts acpi mmx fxsr sse sse2 ss ht tm pbe syscall nx rdtscp lm constant_tsc arch_perfmon pebs bts rep_good nopl xtopology nonstop_tsc aperfmperf pni dtes64 monitor ds_cpl vmx est tm2 ssse3 cx16 xtpr pdcm pcid sse4_1 sse4_2 popcnt lahf_lm ida arat dtherm tpr_shadow vnmi flexpriority ept vpid
bugs		:
bogomips	: 5319.72
clflush size	: 64
cache_alignment	: 64
address sizes	: 36 bits physical, 48 bits virtual
power management:

processor	: 2
vendor_id	: GenuineIntel
cpu family	: 6
model		: 37
model name	: Intel(R) Core(TM) i5 CPU       M 480  @ 2.67GHz
stepping	: 5
microcode	: 0x4
cpu MHz		: 2667.000
cache size	: 3072 KB
physical id	: 0
siblings	: 4
core id		: 0
cpu cores	: 2
apicid		: 1
initial apicid	: 1
fpu		: yes
fpu_exception	: yes
cpuid level	: 11
wp		: yes
flags		: fpu vme de pse tsc msr pae mce cx8 apic sep mtrr pge mca cmov pat pse36 clflush dts acpi mmx fxsr sse sse2 ss ht tm pbe syscall nx rdtscp lm constant_tsc arch_perfmon pebs bts rep_good nopl xtopology nonstop_tsc aperfmperf pni dtes64 monitor ds_cpl vmx est tm2 ssse3 cx16 xtpr pdcm pcid sse4_1 sse4_2 popcnt lahf_lm ida arat dtherm tpr_shadow vnmi flexpriority ept vpid
bugs		:
bogomips	: 5319.72
clflush size	: 64
cache_alignment	: 64
address sizes	: 36 bits physical, 48 bits virtual
power management:

processor	: 3
vendor_id	: GenuineIntel
cpu family	: 6
model		: 37
model name	: Intel(R) Core(TM) i5 CPU       M 480  @ 2.67GHz
stepping	: 5
microcode	: 0x4
cpu MHz		: 2667.000
cache size	: 3072 KB
physical id	: 0
siblings	: 4
core id		: 2
cpu cores	: 2
apicid		: 5
initial apicid	: 5
fpu		: yes
fpu_exception	: yes
cpuid level	: 11
wp		: yes
flags		: fpu vme de pse tsc msr pae mce cx8 apic sep mtrr pge mca cmov pat pse36 clflush dts acpi mmx fxsr sse sse2 ss ht tm pbe syscall nx rdtscp lm constant_tsc arch_perfmon pebs bts rep_good nopl xtopology nonstop_tsc aperfmperf pni dtes64 monitor ds_cpl vmx est tm2 ssse3 cx16 xtpr pdcm pcid sse4_1 sse4_2 popcnt lahf_lm ida arat dtherm tpr_shadow vnmi flexpriority ept vpid
bugs		:
bogomips	: 5319.72
clflush size	: 64
cache_alignment	: 64
address sizes	: 36 bits physical, 48 bits virtual
power management:



Memory: 4k page, physical 5960392k(815716k free), swap 6138876k(6138876k free)

vm_info: Java HotSpot(TM) 64-Bit Server VM (24.80-b11) for linux-amd64 JRE (1.7.0_80-b15), built on Apr 10 2015 19:53:14 by "java_re" with gcc 4.3.0 20080428 (Red Hat 4.3.0-8)

time: Thu Sep 17 10:35:09 2015
elapsed time: 687 seconds

